[1] 매물:e편한세상서울대입구 109동저층 매물번호:2334777257 타입:아파트 면적:83.74 가격:매매/94500 방/욕실:3/2
[2] 매물:e편한세상서울대입구 110동저층 매물번호:2335188054 타입:아파트 면적:83.74 가격:매매/94000 방/욕실:3/2
[3] 매물:e편한세상서울대입구 204동저층 매물번호:2336031988 타입:아파트 면적:83.74 가격:매매/93000 방/욕실:3/2
[4] 매물:e편한세상서울대입구 204동저층 매물번호:2336274440 타입:아파트 면적:83.74 가격:매매/93000 방/욕실:3/2
[5] 매물:e편한세상서울대입구 209동중층 매물번호:2336222311 타입:아파트 면적:83.74 가격:매매/93000 방/욕실:3/2
[6] 매물:e편한세상서울대입구 110동저층 매물번호:2336590596 타입:아파트 면적:83.74 가격:매매/94000 방/욕실:3/2
[7] 매물:e편한세상서울대입구 110동저층 매물번호:2337154690 타입:아파트 면적:83.74 가격:매매/94000 방/욕실:3/2
[8] 매물:e편한세상서울대입구 109동저층 매물번호:2334178408 타입:아파트 면적:83.74 가격:매매/94500 방/욕실:3/2
[9] 매물:e편한세상서울대입구 209동중층 매물번호:2334604819 타입:아파트 면적:84.65 가격:매매/95000 방/욕실:3/2
[10] 매물:e편한세상서울대입구 109동6층 매물번호:2334319601 타입:아파트 면적:83.74 가격:매매/100000 방/욕실:3/2
[11] 매물:e편한세상서울대입구 109동고층 매물번호:2336164825 타입:아파트 면적:83.74 가격:매매/100000 방/욕실:3/2
[12] 매물:e편한세상서울대입구 109동저층 매물번호:2336344302 타입:아파트 면적:83.74 가격:매매/94500 방/욕실:3/2
[13] 매물:e편한세상서울대입구 109동저층 매물번호:2336393919 타입:아파트 면적:83.74 가격:매매/95000 방/욕실:3/2
[14] 매물:e편한세상서울대입구 109동6층 매물번호:2335447744 타입:아파트 면적:83.74 가격:매매/100000 방/욕실:3/2
[15] 매물:e편한세상서울대입구 109동고층 매물번호:2336536233 타입:아파트 면적:83.74 가격:매매/100000 방/욕실:3/2
[16] 매물:e편한세상서울대입구 109동고층 매물번호:2336563352 타입:아파트 면적:83.74 가격:매매/100000 방/욕실:3/2
[17] 매물:e편한세상서울대입구 109동저층 매물번호:2335887455 타입:아파트 면적:83.74 가격:매매/100000 방/욕실:3/2
[18] 매물:e편한세상서울대입구 109동6층 매물번호:2335888037 타입:아파트 면적:83.74 가격:매매/100000 방/욕실:3/2
[19] 매물:e편한세상서울대입구 209동중층 매물번호:2336903751 타입:아파트 면적:84.65 가격:매매/95000 방/욕실:3/2
[20] 매물:e편한세상서울대입구 209동중층 매물번호:2337172502 타입:아파트 면적:84.65 가격:매매/95000 방/욕실:3/2
[21] 매물:e편한세상서울대입구 109동저층 매물번호:2337073310 타입:아파트 면적:83.74 가격:매매/94500 방/욕실:3/2
[22] 매물:e편한세상서울대입구 109동저층 매물번호:2337224760 타입:아파트 면적:83.74 가격:매매/94500 방/욕실:3/2
[23] 매물:e편한세상서울대입구 209동중층 매물번호:2337277555 타입:아파트 면적:84.65 가격:매매/95000 방/욕실:3/2
[24] 매물:e편한세상서울대입구 109동6층 매물번호:2336349446 타입:아파트 면적:83.74 가격:매매/100000 방/욕실:3/2
[25] 매물:e편한세상서울대입구 109동저층 매물번호:2337392005 타입:아파트 면적:83.74 가격:매매/94500 방/욕실:3/2
[26] 매물:e편한세상서울대입구 103동중층 매물번호:2337465336 타입:아파트 면적:83.74 가격:매매/98000 방/욕실:3/2
[27] 매물:e편한세상서울대입구 209동중층 매물번호:2337685026 타입:아파트 면적:84.65 가격:매매/95000 방/욕실:3/2
[28] 매물:e편한세상서울대입구 209동중층 매물번호:2337628282 타입:아파트 면적:84.65 가격:매매/95000 방/욕실:3/2
[29] 매물:e편한세상서울대입구 109동저층 매물번호:2337911040 타입:아파트 면적:83.74 가격:매매/94500 방/욕실:3/2
[30] 매물:e편한세상서울대입구 109동저층 매물번호:2338012926 타입:아파트 면적:83.74 가격:매매/94500 방/욕실:3/2
[31] 매물:e편한세상서울대입구 109동저층 매물번호:2338017155 타입:아파트 면적:83.74 가격:매매/94500 방/욕실:3/2
[32] 매물:e편한세상서울대입구 209동중층 매물번호:2338022820 타입:아파트 면적:84.65 가격:매매/95000 방/욕실:3/2
[33] 매물:e편한세상서울대입구 209동중층 매물번호:2338036801 타입:아파트 면적:84.65 가격:매매/95000 방/욕실:3/2
[34] 매물:e편한세상서울대입구 209동중층 매물번호:2338131813 타입:아파트 면적:84.65 가격:매매/95000 방/욕실:3/2
[35] 매물:e편한세상서울대입구 109동6층 매물번호:2337224046 타입:아파트 면적:83.74 가격:매매/100000 방/욕실:3/2
[36] 매물:e편한세상서울대입구 109동6층 매물번호:2337274135 타입:아파트 면적:83.74 가격:매매/100000 방/욕실:3/2
[37] 매물:e편한세상서울대입구 109동6층 매물번호:2337606567 타입:아파트 면적:83.74 가격:매매/100000 방/욕실:3/2
[1] 매물:e편한세상서울대입구2차 506동저층 매물번호:2333734249 타입:아파트 면적:78.06 가격:매매/95000 방/욕실:3/2
[2] 매물:e편한세상서울대입구2차 506동저층 매물번호:2335953572 타입:아파트 면적:78.06 가격:매매/95000 방/욕실:3/2
[3] 매물:e편한세상서울대입구2차 506동중층 매물번호:2335953626 타입:아파트 면적:78.06 가격:매매/95000 방/욕실:3/2
[4] 매물:e편한세상서울대입구2차 507동중층 매물번호:2336122528 타입:아파트 면적:78.14 가격:매매/95000 방/욕실:3/2
[5] 매물:e편한세상서울대입구2차 507동중층 매물번호:2336588628 타입:아파트 면적:78.14 가격:매매/95000 방/욕실:3/2
[6] 매물:e편한세상서울대입구2차 506동고층 매물번호:2333635501 타입:아파트 면적:77.88 가격:매매/98000 방/욕실:3/2
[7] 매물:e편한세상서울대입구2차 505동중층 매물번호:2334291274 타입:아파트 면적:78.06 가격:매매/95000 방/욕실:3/2
[8] 매물:e편한세상서울대입구2차 506동고층 매물번호:2334174530 타입:아파트 면적:77.88 가격:매매/96000 방/욕실:3/2
[9] 매물:e편한세상서울대입구2차 506동고층 매물번호:2334333816 타입:아파트 면적:77.88 가격:매매/98000 방/욕실:3/2
[10] 매물:e편한세상서울대입구2차 506동고층 매물번호:2335118387 타입:아파트 면적:77.88 가격:매매/98000 방/욕실:3/2
[11] 매물:e편한세상서울대입구2차 506동중층 매물번호:2333463563 타입:아파트 면적:78.06 가격:매매/97000 방/욕실:3/2
[12] 매물:e편한세상서울대입구2차 506동고층 매물번호:2335251309 타입:아파트 면적:77.88 가격:매매/98000 방/욕실:3/2
[13] 매물:e편한세상서울대입구2차 506동고층 매물번호:2335824485 타입:아파트 면적:77.88 가격:매매/98000 방/욕실:3/2
[14] 매물:e편한세상서울대입구2차 506동중층 매물번호:2334425630 타입:아파트 면적:78.06 가격:매매/95000 방/욕실:3/2
[15] 매물:e편한세상서울대입구2차 505동중층 매물번호:2336435712 타입:아파트 면적:78.06 가격:매매/95000 방/욕실:3/2
[16] 매물:e편한세상서울대입구2차 506동저층 매물번호:2334827397 타입:아파트 면적:78.06 가격:매매/95000 방/욕실:3/2
[17] 매물:e편한세상서울대입구2차 506동저층 매물번호:2334770045 타입:아파트 면적:78.06 가격:매매/95000 방/욕실:3/2
[18] 매물:e편한세상서울대입구2차 506동저층 매물번호:2334904259 타입:아파트 면적:78.06 가격:매매/95000 방/욕실:3/2
[19] 매물:e편한세상서울대입구2차 505동중층 매물번호:2337084409 타입:아파트 면적:78.06 가격:매매/95000 방/욕실:3/2
[20] 매물:e편한세상서울대입구2차 506동고층 매물번호:2337429736 타입:아파트 면적:77.88 가격:매매/98000 방/욕실:3/2
[21] 매물:e편한세상서울대입구2차 507동중층 매물번호:2337625549 타입:아파트 면적:78.14 가격:매매/95000 방/욕실:3/2
[22] 매물:e편한세상서울대입구2차 507동중층 매물번호:2335923342 타입:아파트 면적:78.14 가격:매매/97000 방/욕실:3/2
[23] 매물:e편한세상서울대입구2차 506동중층 매물번호:2336341013 타입:아파트 면적:78.06 가격:매매/97000 방/욕실:3/2
[24] 매물:e편한세상서울대입구2차 506동중층 매물번호:2338045501 타입:아파트 면적:78.06 가격:매매/95000 방/욕실:3/2
[25] 매물:e편한세상서울대입구2차 507동고층 매물번호:2338159595 타입:아파트 면적:77.88 가격:매매/100000 방/욕실:3/2
[26] 매물:e편한세상서울대입구2차 505동중층 매물번호:2338045011 타입:아파트 면적:78.06 가격:매매/95000 방/욕실:3/2
[27] 매물:e편한세상서울대입구2차 506동저층 매물번호:2337003049 타입:아파트 면적:78.06 가격:매매/95000 방/욕실:3/2
[28] 매물:e편한세상서울대입구2차 507동중층 매물번호:2336995260 타입:아파트 면적:78.14 가격:매매/95000 방/욕실:3/2
[29] 매물:e편한세상서울대입구2차 507동중층 매물번호:2337922180 타입:아파트 면적:78.14 가격:매매/95000 방/욕실:3/2
[30] 매물:e편한세상서울대입구2차 506동저층 매물번호:2337353373 타입:아파트 면적:78.06 가격:매매/95000 방/욕실:3/2
[31] 매물:e편한세상서울대입구2차 506동중층 매물번호:2337249600 타입:아파트 면적:78.06 가격:매매/97000 방/욕실:3/2
[32] 매물:e편한세상서울대입구2차 506동중층 매물번호:2337200113 타입:아파트 면적:78.06 가격:매매/95000 방/욕실:3/2
[33] 매물:e편한세상서울대입구2차 506동저층 매물번호:2337249180 타입:아파트 면적:78.06 가격:매매/95000 방/욕실:3/2
[34] 매물:e편한세상서울대입구2차 506동저층 매물번호:2337223158 타입:아파트 면적:78.06 가격:매매/95000 방/욕실:3/2
[35] 매물:e편한세상서울대입구2차 506동중층 매물번호:2337429542 타입:아파트 면적:78.06 가격:매매/97000 방/욕실:3/2
[36] 매물:e편한세상서울대입구2차 506동중층 매물번호:2337425625 타입:아파트 면적:78.06 가격:매매/95000 방/욕실:3/2
[37] 매물:e편한세상서울대입구2차 507동중층 매물번호:2337450647 타입:아파트 면적:78.14 가격:매매/95000 방/욕실:3/2
[38] 매물:e편한세상서울대입구2차 506동중층 매물번호:2337605125 타입:아파트 면적:78.06 가격:매매/97000 방/욕실:3/2
[39] 매물:e편한세상서울대입구2차 507동중층 매물번호:2337600944 타입:아파트 면적:78.14 가격:매매/95000 방/욕실:3/2
[40] 매물:e편한세상서울대입구2차 506동중층 매물번호:2337910306 타입:아파트 면적:78.06 가격:매매/96000 방/욕실:3/2
[41] 매물:e편한세상서울대입구2차 507동중층 매물번호:2337947005 타입:아파트 면적:78.14 가격:매매/95000 방/욕실:3/2
[42] 매물:e편한세상서울대입구2차 506동저층 매물번호:2337781455 타입:아파트 면적:78.06 가격:매매/95000 방/욕실:3/2
[43] 매물:e편한세상서울대입구2차 506동저층 매물번호:2338073467 타입:아파트 면적:78.06 가격:매매/95000 방/욕실:3/2
[44] 매물:e편한세상서울대입구2차 506동저층 매물번호:2338045278 타입:아파트 면적:78.06 가격:매매/95000 방/욕실:3/2
[45] 매물:e편한세상서울대입구2차 507동중층 매물번호:2338015224 타입:아파트 면적:78.14 가격:매매/95000 방/욕실:3/2
[46] 매물:e편한세상서울대입구2차 506동저층 매물번호:2337988247 타입:아파트 면적:78.06 가격:매매/95000 방/욕실:3/2
[47] 매물:e편한세상서울대입구2차 506동중층 매물번호:2338016063 타입:아파트 면적:78.06 가격:매매/95000 방/욕실:3/2
[48] 매물:e편한세상서울대입구2차 506동저층 매물번호:2338015693 타입:아파트 면적:78.06 가격:매매/95000 방/욕실:3/2
[필터링][1] 매물:갑을 101동저층 매물번호:2333748911 타입:아파트 면적:80.49 가격:매매/65000 방/욕실:3/1
[2] 매물:갑을 101동저층 매물번호:2338024256 타입:아파트 면적:80.49 가격:매매/65000 방/욕실:3/2
[필터링][3] 매물:갑을 101동고층 매물번호:2333578757 타입:아파트 면적:80.49 가격:매매/65000 방/욕실:3/1
[필터링][4] 매물:갑을 101동고층 매물번호:2333217222 타입:아파트 면적:80.49 가격:매매/64000 방/욕실:3/1
[필터링][5] 매물:갑을 101동12층 매물번호:2333661415 타입:아파트 면적:80.49 가격:매매/65000 방/욕실:3/1
[필터링][6] 매물:갑을 101동저층 매물번호:2335508713 타입:아파트 면적:80.49 가격:매매/65000 방/욕실:3/1
[7] 매물:갑을 101동6층 매물번호:2334555488 타입:아파트 면적:100.3 가격:매매/86500 방/욕실:3/2
[필터링][8] 매물:갑을 101동12층 매물번호:2335610690 타입:아파트 면적:80.49 가격:매매/65000 방/욕실:3/1
[필터링][9] 매물:갑을 101동12층 매물번호:2336112019 타입:아파트 면적:80.49 가격:매매/65000 방/욕실:3/1
[필터링][10] 매물:갑을 101동12층 매물번호:2336078323 타입:아파트 면적:80.49 가격:매매/65000 방/욕실:3/1
[필터링][11] 매물:갑을 101동고층 매물번호:2337239777 타입:아파트 면적:80.49 가격:매매/65000 방/욕실:3/1
[필터링][12] 매물:갑을 101동2층 매물번호:2337091396 타입:아파트 면적:80.49 가격:매매/65000 방/욕실:3/1
[필터링][13] 매물:갑을 101동12층 매물번호:2337117945 타입:아파트 면적:80.49 가격:매매/65000 방/욕실:3/1
[필터링][14] 매물:갑을 101동12층 매물번호:2337455891 타입:아파트 면적:80.49 가격:매매/65000 방/욕실:3/1
[필터링][1] 매물:건영6차 103동고층 매물번호:2335529527 타입:아파트 면적:82.93 가격:매매/76000 방/욕실:3/1
[필터링][2] 매물:건영6차 101동고층 매물번호:2335529575 타입:아파트 면적:76.43 가격:매매/80000 방/욕실:3/1
[필터링][3] 매물:건영6차 103동2층 매물번호:2335801023 타입:아파트 면적:82.93 가격:매매/75000 방/욕실:3/1
[필터링][4] 매물:건영6차 103동고층 매물번호:2335982180 타입:아파트 면적:82.93 가격:매매/76000 방/욕실:3/1
[5] 매물:건영6차 101동고층 매물번호:2337394565 타입:아파트 면적:105.58 가격:매매/93000 방/욕실:3/2
[6] 매물:건영6차 101동14층 매물번호:2337575860 타입:아파트 면적:105.58 가격:매매/93000 방/욕실:3/2
[7] 매물:건영6차 101동저층 매물번호:2337659115 타입:아파트 면적:105.58 가격:매매/96000 방/욕실:3/2
[필터링][8] 매물:건영6차 103동고층 매물번호:2337895638 타입:아파트 면적:82.93 가격:매매/76000 방/욕실:3/1
[9] 매물:건영6차 101동고층 매물번호:2333659116 타입:아파트 면적:105.58 가격:매매/93000 방/욕실:3/2
[필터링][10] 매물:건영6차 103동고층 매물번호:2334318177 타입:아파트 면적:82.93 가격:매매/76000 방/욕실:3/1
[필터링][11] 매물:건영6차 103동중층 매물번호:2334746306 타입:아파트 면적:82.93 가격:매매/83000 방/욕실:3/1
[필터링][12] 매물:건영6차 103동저층 매물번호:2335598362 타입:아파트 면적:82.93 가격:매매/75000 방/욕실:3/1
[13] 매물:건영6차 101동고층 매물번호:2334436072 타입:아파트 면적:105.58 가격:매매/93000 방/욕실:3/2
[필터링][14] 매물:건영6차 103동저층 매물번호:2334444235 타입:아파트 면적:82.93 가격:매매/75000 방/욕실:3/1
[15] 매물:건영6차 101동고층 매물번호:2334426129 타입:아파트 면적:105.58 가격:매매/93000 방/욕실:3/2
[필터링][16] 매물:건영6차 103동저층 매물번호:2337593938 타입:아파트 면적:68.13 가격:매매/68000 방/욕실:2/1
[필터링][17] 매물:건영6차 101동중층 매물번호:2337657881 타입:아파트 면적:76.43 가격:매매/72000 방/욕실:3/1
[18] 매물:건영6차 101동저층 매물번호:2336229784 타입:아파트 면적:105.58 가격:매매/96000 방/욕실:3/2
[19] 매물:건영6차 101동고층 매물번호:2337558740 타입:아파트 면적:105.58 가격:매매/93000 방/욕실:3/2
[20] 매물:건영6차 101동고층 매물번호:2337557050 타입:아파트 면적:105.58 가격:매매/93000 방/욕실:3/2
[필터링][21] 매물:건영6차 103동14층 매물번호:2338113770 타입:아파트 면적:82.93 가격:매매/75500 방/욕실:3/1
[1] 매물:경원로얄시티 1동4층 매물번호:2337132030 타입:아파트 면적:104.3 가격:매매/80000 방/욕실:3/2
[2] 매물:경원로얄시티 1동4층 매물번호:2337379619 타입:아파트 면적:104.3 가격:매매/80000 방/욕실:3/2
[3] 매물:경원로얄시티 1동4층 매물번호:2337506094 타입:아파트 면적:104.3 가격:매매/80000 방/욕실:3/2
[필터링][1] 매물:관악동부센트레빌 102동고층 매물번호:2334815850 타입:아파트 면적:79.43 가격:매매/84000 방/욕실:3/1
[필터링][2] 매물:관악동부센트레빌 102동고층 매물번호:2334503659 타입:아파트 면적:79.43 가격:매매/84000 방/욕실:3/1
[필터링][3] 매물:관악동부센트레빌 107동고층 매물번호:2334606661 타입:아파트 면적:79.43 가격:매매/85000 방/욕실:3/1
[필터링][4] 매물:관악동부센트레빌 102동19층 매물번호:2334689423 타입:아파트 면적:79.43 가격:매매/84000 방/욕실:3/1
[필터링][5] 매물:관악동부센트레빌 102동19층 매물번호:2334464459 타입:아파트 면적:79.43 가격:매매/84000 방/욕실:3/1
[6] 매물:관악동부센트레빌 103동저층 매물번호:2335764855 타입:아파트 면적:106.68 가격:매매/95000 방/욕실:3/2
[필터링][7] 매물:관악동부센트레빌 106동고층 매물번호:2335576493 타입:아파트 면적:79.43 가격:매매/85000 방/욕실:3/1
[필터링][8] 매물:관악동부센트레빌 106동고층 매물번호:2335904807 타입:아파트 면적:79.43 가격:매매/85000 방/욕실:3/1
[필터링][9] 매물:관악동부센트레빌 106동고층 매물번호:2336456351 타입:아파트 면적:79.43 가격:매매/85000 방/욕실:3/1
[필터링][10] 매물:관악동부센트레빌 102동19층 매물번호:2335796600 타입:아파트 면적:79.43 가격:매매/84000 방/욕실:3/1
[필터링][11] 매물:관악동부센트레빌 102동19층 매물번호:2335937749 타입:아파트 면적:79.43 가격:매매/84000 방/욕실:3/1
[필터링][12] 매물:관악동부센트레빌 107동고층 매물번호:2335774464 타입:아파트 면적:79.43 가격:매매/85000 방/욕실:3/1
[필터링][13] 매물:관악동부센트레빌 106동고층 매물번호:2337155463 타입:아파트 면적:79.43 가격:매매/85000 방/욕실:3/1
[필터링][14] 매물:관악동부센트레빌 107동고층 매물번호:2335566300 타입:아파트 면적:79.43 가격:매매/85000 방/욕실:3/1
[필터링][15] 매물:관악동부센트레빌 106동고층 매물번호:2336098379 타입:아파트 면적:79.43 가격:매매/85000 방/욕실:3/1
[필터링][16] 매물:관악동부센트레빌 107동고층 매물번호:2336164509 타입:아파트 면적:79.43 가격:매매/85000 방/욕실:3/1
[필터링][17] 매물:관악동부센트레빌 106동고층 매물번호:2337090318 타입:아파트 면적:79.43 가격:매매/85000 방/욕실:3/1
[18] 매물:관악동부센트레빌 103동저층 매물번호:2337834804 타입:아파트 면적:106.68 가격:매매/95000 방/욕실:3/2
[필터링][19] 매물:관악동부센트레빌 102동19층 매물번호:2336714954 타입:아파트 면적:79.43 가격:매매/84000 방/욕실:3/1
[필터링][20] 매물:관악동부센트레빌 102동19층 매물번호:2337975433 타입:아파트 면적:79.43 가격:매매/84000 방/욕실:3/1
[필터링][1] 매물:관악드림타운 113동고층 매물번호:2334027805 타입:아파트 면적:127.98 가격:매매/95000 방/욕실:4/2
[필터링][2] 매물:관악드림타운 115동저층 매물번호:2334023882 타입:아파트 면적:82.47 가격:매매/70000 방/욕실:3/1
[필터링][3] 매물:관악드림타운 132동저층 매물번호:2334007876 타입:아파트 면적:82.93 가격:매매/70000 방/욕실:2/1
[4] 매물:관악드림타운 131동고층 매물번호:2334029654 타입:아파트 면적:109.42 가격:매매/95000 방/욕실:3/2
[5] 매물:관악드림타운 104동저층 매물번호:2334025965 타입:아파트 면적:109.42 가격:매매/90000 방/욕실:3/2
[6] 매물:관악드림타운 114동2층 매물번호:2334010088 타입:아파트 면적:109.42 가격:매매/85000 방/욕실:3/2
[필터링][7] 매물:관악드림타운 124동고층 매물번호:2334020875 타입:아파트 면적:82.91 가격:매매/75000 방/욕실:3/1
[필터링][8] 매물:관악드림타운 132동9층 매물번호:2334646948 타입:아파트 면적:82.91 가격:매매/75000 방/욕실:3/1
[9] 매물:관악드림타운 104동저층 매물번호:2334704326 타입:아파트 면적:109.42 가격:매매/90000 방/욕실:3/2
[필터링][10] 매물:관악드림타운 129동저층 매물번호:2335109329 타입:아파트 면적:82.47 가격:매매/70000 방/욕실:3/1
[11] 매물:관악드림타운 138동중층 매물번호:2335207540 타입:아파트 면적:109.42 가격:매매/95000 방/욕실:3/2
[필터링][12] 매물:관악드림타운 124동23층 매물번호:2335772447 타입:아파트 면적:82.91 가격:매매/75000 방/욕실:3/1
[13] 매물:관악드림타운 114동저층 매물번호:2335745645 타입:아파트 면적:109.42 가격:매매/85000 방/욕실:3/2
[14] 매물:관악드림타운 144동13층 매물번호:2335767056 타입:아파트 면적:106.86 가격:매매/90000 방/욕실:3/2
[필터링][15] 매물:관악드림타운 113동고층 매물번호:2335766481 타입:아파트 면적:127.98 가격:매매/95000 방/욕실:4/2
[16] 매물:관악드림타운 131동고층 매물번호:2335751631 타입:아파트 면적:109.42 가격:매매/95000 방/욕실:3/2
[17] 매물:관악드림타운 144동중층 매물번호:2335932565 타입:아파트 면적:106.86 가격:매매/90000 방/욕실:3/2
[필터링][18] 매물:관악드림타운 115동저층 매물번호:2335795481 타입:아파트 면적:82.47 가격:매매/72000 방/욕실:3/1
[19] 매물:관악드림타운 141동고층 매물번호:2336490047 타입:아파트 면적:109.42 가격:매매/95000 방/욕실:3/2
[필터링][20] 매물:관악드림타운 110동중층 매물번호:2336597295 타입:아파트 면적:141.43 가격:매매/100000 방/욕실:4/2
[필터링][21] 매물:관악드림타운 110동중층 매물번호:2336545585 타입:아파트 면적:141.43 가격:매매/100000 방/욕실:4/2
[필터링][22] 매물:관악드림타운 121동4층 매물번호:2336829043 타입:아파트 면적:82.91 가격:매매/75000 방/욕실:3/1
[23] 매물:관악드림타운 136동고층 매물번호:2337211274 타입:아파트 면적:109.42 가격:매매/100000 방/욕실:3/2
[24] 매물:관악드림타운 106동저층 매물번호:2337211204 타입:아파트 면적:109.42 가격:매매/95000 방/욕실:3/2
[25] 매물:관악드림타운 144동중층 매물번호:2337572379 타입:아파트 면적:106.86 가격:매매/92000 방/욕실:3/2
[26] 매물:관악드림타운 114동저층 매물번호:2337407751 타입:아파트 면적:109.42 가격:매매/85000 방/욕실:3/2
[27] 매물:관악드림타운 141동고층 매물번호:2337553454 타입:아파트 면적:109.42 가격:매매/95000 방/욕실:3/2
[28] 매물:관악드림타운 114동저층 매물번호:2333531752 타입:아파트 면적:109.42 가격:매매/85000 방/욕실:3/2
[29] 매물:관악드림타운 104동저층 매물번호:2333349111 타입:아파트 면적:109.42 가격:매매/90000 방/욕실:3/2
[필터링][30] 매물:관악드림타운 129동저층 매물번호:2333374943 타입:아파트 면적:82.47 가격:매매/70000 방/욕실:3/1
[필터링][31] 매물:관악드림타운 110동중층 매물번호:2333494057 타입:아파트 면적:141.43 가격:매매/100000 방/욕실:4/2
[32] 매물:관악드림타운 104동저층 매물번호:2333565535 타입:아파트 면적:109.42 가격:매매/90000 방/욕실:3/2
[33] 매물:관악드림타운 104동저층 매물번호:2333428711 타입:아파트 면적:109.42 가격:매매/90000 방/욕실:3/2
[34] 매물:관악드림타운 104동저층 매물번호:2333661644 타입:아파트 면적:109.42 가격:매매/90000 방/욕실:3/2
[35] 매물:관악드림타운 131동고층 매물번호:2333836731 타입:아파트 면적:109.42 가격:매매/95000 방/욕실:3/2
[36] 매물:관악드림타운 131동고층 매물번호:2333918458 타입:아파트 면적:109.42 가격:매매/95000 방/욕실:3/2
[37] 매물:관악드림타운 131동고층 매물번호:2334217867 타입:아파트 면적:109.42 가격:매매/95000 방/욕실:3/2
[필터링][38] 매물:관악드림타운 129동저층 매물번호:2334216048 타입:아파트 면적:82.47 가격:매매/70000 방/욕실:3/1
[39] 매물:관악드림타운 144동중층 매물번호:2334425151 타입:아파트 면적:106.86 가격:매매/90000 방/욕실:3/2
[40] 매물:관악드림타운 104동저층 매물번호:2334425617 타입:아파트 면적:109.42 가격:매매/90000 방/욕실:3/2
[필터링][41] 매물:관악드림타운 115동저층 매물번호:2333507739 타입:아파트 면적:82.47 가격:매매/73000 방/욕실:3/1
[42] 매물:관악드림타운 104동저층 매물번호:2334359413 타입:아파트 면적:109.42 가격:매매/90000 방/욕실:3/2
[필터링][43] 매물:관악드림타운 124동고층 매물번호:2333560980 타입:아파트 면적:82.91 가격:매매/75000 방/욕실:3/1
[44] 매물:관악드림타운 104동저층 매물번호:2333740254 타입:아파트 면적:109.42 가격:매매/90000 방/욕실:3/2
[45] 매물:관악드림타운 104동저층 매물번호:2333661332 타입:아파트 면적:109.42 가격:매매/90000 방/욕실:3/2
[필터링][46] 매물:관악드림타운 124동23층 매물번호:2333565269 타입:아파트 면적:82.91 가격:매매/75000 방/욕실:3/1
[필터링][47] 매물:관악드림타운 124동23층 매물번호:2333563860 타입:아파트 면적:82.91 가격:매매/75000 방/욕실:3/1
[필터링][48] 매물:관악드림타운 129동1층 매물번호:2333385974 타입:아파트 면적:82.47 가격:매매/70000 방/욕실:3/1
[49] 매물:관악드림타운 138동중층 매물번호:2334666715 타입:아파트 면적:109.42 가격:매매/95000 방/욕실:3/2
[50] 매물:관악드림타운 138동중층 매물번호:2334648077 타입:아파트 면적:109.42 가격:매매/90000 방/욕실:3/2
[필터링][51] 매물:관악드림타운 132동저층 매물번호:2334671363 타입:아파트 면적:82.91 가격:매매/75000 방/욕실:3/1
[필터링][52] 매물:관악드림타운 113동고층 매물번호:2334910508 타입:아파트 면적:127.98 가격:매매/95000 방/욕실:4/2
[53] 매물:관악드림타운 131동고층 매물번호:2334938788 타입:아파트 면적:109.42 가격:매매/95000 방/욕실:3/2
[54] 매물:관악드림타운 144동중층 매물번호:2334942202 타입:아파트 면적:106.86 가격:매매/90000 방/욕실:3/2
[55] 매물:관악드림타운 104동저층 매물번호:2334812554 타입:아파트 면적:109.42 가격:매매/90000 방/욕실:3/2
[필터링][56] 매물:관악드림타운 132동저층 매물번호:2334812822 타입:아파트 면적:82.91 가격:매매/75000 방/욕실:3/1
[필터링][57] 매물:관악드림타운 113동저층 매물번호:2334910812 타입:아파트 면적:127.98 가격:매매/95000 방/욕실:4/2
[필터링][58] 매물:관악드림타운 113동고층 매물번호:2335099589 타입:아파트 면적:127.98 가격:매매/95000 방/욕실:4/2
[필터링][59] 매물:관악드림타운 115동저층 매물번호:2335005371 타입:아파트 면적:82.47 가격:매매/72000 방/욕실:3/1
[60] 매물:관악드림타운 144동중층 매물번호:2335165502 타입:아파트 면적:106.86 가격:매매/90000 방/욕실:3/2
[61] 매물:관악드림타운 144동중층 매물번호:2335003759 타입:아파트 면적:106.86 가격:매매/90000 방/욕실:3/2
[62] 매물:관악드림타운 144동13층 매물번호:2334443390 타입:아파트 면적:106.86 가격:매매/92000 방/욕실:3/2
[필터링][63] 매물:관악드림타운 132동저층 매물번호:2335318536 타입:아파트 면적:82.91 가격:매매/75000 방/욕실:3/1
[필터링][64] 매물:관악드림타운 110동중층 매물번호:2335279556 타입:아파트 면적:141.43 가격:매매/100000 방/욕실:4/2
[필터링][65] 매물:관악드림타운 132동저층 매물번호:2335311448 타입:아파트 면적:82.91 가격:매매/75000 방/욕실:3/1
[66] 매물:관악드림타운 114동2층 매물번호:2333400646 타입:아파트 면적:109.42 가격:매매/85000 방/욕실:3/2
[67] 매물:관악드림타운 144동13층 매물번호:2334425170 타입:아파트 면적:106.86 가격:매매/90000 방/욕실:3/2
[필터링][68] 매물:관악드림타운 129동저층 매물번호:2335402515 타입:아파트 면적:82.47 가격:매매/73000 방/욕실:3/1
[필터링][69] 매물:관악드림타운 115동저층 매물번호:2335401999 타입:아파트 면적:82.47 가격:매매/73000 방/욕실:3/1
[필터링][70] 매물:관악드림타운 121동저층 매물번호:2334654847 타입:아파트 면적:82.91 가격:매매/75000 방/욕실:3/1
[필터링][71] 매물:관악드림타운 115동저층 매물번호:2335414564 타입:아파트 면적:82.47 가격:매매/72000 방/욕실:3/1
[필터링][72] 매물:관악드림타운 105동중층 매물번호:2335506224 타입:아파트 면적:82.47 가격:매매/78000 방/욕실:3/1
[필터링][73] 매물:관악드림타운 113동고층 매물번호:2335474679 타입:아파트 면적:127.98 가격:매매/95000 방/욕실:4/2
[74] 매물:관악드림타운 138동저층 매물번호:2335497000 타입:아파트 면적:109.42 가격:매매/85000 방/욕실:3/2
[75] 매물:관악드림타운 136동고층 매물번호:2335415088 타입:아파트 면적:109.42 가격:매매/100000 방/욕실:3/2
[76] 매물:관악드림타운 114동2층 매물번호:2333767909 타입:아파트 면적:109.42 가격:매매/85000 방/욕실:3/2
[77] 매물:관악드림타운 144동13층 매물번호:2334519133 타입:아파트 면적:106.86 가격:매매/92000 방/욕실:3/2
[78] 매물:관악드림타운 144동13층 매물번호:2334485921 타입:아파트 면적:106.86 가격:매매/90000 방/욕실:3/2
[79] 매물:관악드림타운 144동13층 매물번호:2334524832 타입:아파트 면적:106.86 가격:매매/92000 방/욕실:3/2
[80] 매물:관악드림타운 144동13층 매물번호:2334582573 타입:아파트 면적:106.86 가격:매매/90000 방/욕실:3/2
[81] 매물:관악드림타운 144동13층 매물번호:2334450270 타입:아파트 면적:106.86 가격:매매/90000 방/욕실:3/2
[필터링][82] 매물:관악드림타운 110동중층 매물번호:2335658647 타입:아파트 면적:141.43 가격:매매/100000 방/욕실:4/2
[필터링][83] 매물:관악드림타운 129동저층 매물번호:2335653675 타입:아파트 면적:82.47 가격:매매/73000 방/욕실:3/1
[필터링][84] 매물:관악드림타운 113동고층 매물번호:2334873738 타입:아파트 면적:127.98 가격:매매/95000 방/욕실:4/2
[필터링][85] 매물:관악드림타운 129동저층 매물번호:2335741388 타입:아파트 면적:82.47 가격:매매/73000 방/욕실:3/1
[필터링][86] 매물:관악드림타운 110동중층 매물번호:2335720935 타입:아파트 면적:141.43 가격:매매/100000 방/욕실:4/2
[87] 매물:관악드림타운 114동저층 매물번호:2335739361 타입:아파트 면적:109.42 가격:매매/85000 방/욕실:3/2
[필터링][88] 매물:관악드림타운 124동고층 매물번호:2335642856 타입:아파트 면적:82.91 가격:매매/75000 방/욕실:3/1
[89] 매물:관악드림타운 114동2층 매물번호:2334815788 타입:아파트 면적:109.42 가격:매매/85000 방/욕실:3/2
[90] 매물:관악드림타운 114동저층 매물번호:2335166665 타입:아파트 면적:109.42 가격:매매/85000 방/욕실:3/2
[91] 매물:관악드림타운 131동고층 매물번호:2335881028 타입:아파트 면적:109.42 가격:매매/90000 방/욕실:3/2
[필터링][92] 매물:관악드림타운 132동9층 매물번호:2334948107 타입:아파트 면적:82.91 가격:매매/75000 방/욕실:3/1
[93] 매물:관악드림타운 144동13층 매물번호:2334912486 타입:아파트 면적:106.86 가격:매매/90000 방/욕실:3/2
[94] 매물:관악드림타운 114동2층 매물번호:2334905762 타입:아파트 면적:109.42 가격:매매/85000 방/욕실:3/2
[필터링][95] 매물:관악드림타운 129동저층 매물번호:2336064135 타입:아파트 면적:82.47 가격:매매/73000 방/욕실:3/1
[필터링][96] 매물:관악드림타운 129동중층 매물번호:2336077969 타입:아파트 면적:82.47 가격:매매/78000 방/욕실:3/1
[필터링][97] 매물:관악드림타운 110동중층 매물번호:2336009584 타입:아파트 면적:141.43 가격:매매/100000 방/욕실:4/2
[필터링][98] 매물:관악드림타운 110동중층 매물번호:2335965029 타입:아파트 면적:141.43 가격:매매/100000 방/욕실:4/2
[99] 매물:관악드림타운 138동중층 매물번호:2336079756 타입:아파트 면적:109.42 가격:매매/90000 방/욕실:3/2
[필터링][100] 매물:관악드림타운 115동저층 매물번호:2336002147 타입:아파트 면적:82.47 가격:매매/73000 방/욕실:3/1
[필터링][101] 매물:관악드림타운 113동저층 매물번호:2336082343 타입:아파트 면적:127.98 가격:매매/95000 방/욕실:4/2
[필터링][102] 매물:관악드림타운 129동1층 매물번호:2335102595 타입:아파트 면적:82.47 가격:매매/70000 방/욕실:3/1
[필터링][103] 매물:관악드림타운 129동1층 매물번호:2335189978 타입:아파트 면적:82.47 가격:매매/70000 방/욕실:3/1
[필터링][104] 매물:관악드림타운 129동1층 매물번호:2335296366 타입:아파트 면적:82.47 가격:매매/70000 방/욕실:3/1
[필터링][105] 매물:관악드림타운 115동저층 매물번호:2335717045 타입:아파트 면적:82.47 가격:매매/72000 방/욕실:3/1
[필터링][106] 매물:관악드림타운 129동1층 매물번호:2335002204 타입:아파트 면적:82.47 가격:매매/70000 방/욕실:3/1
[107] 매물:관악드림타운 144동13층 매물번호:2334440312 타입:아파트 면적:106.86 가격:매매/90000 방/욕실:3/2
[필터링][108] 매물:관악드림타운 115동저층 매물번호:2336127052 타입:아파트 면적:82.47 가격:매매/72000 방/욕실:3/1
[109] 매물:관악드림타운 141동고층 매물번호:2336251059 타입:아파트 면적:109.42 가격:매매/95000 방/욕실:3/2
[필터링][110] 매물:관악드림타운 132동저층 매물번호:2336298888 타입:아파트 면적:82.93 가격:매매/67000 방/욕실:2/1
[필터링][111] 매물:관악드림타운 132동9층 매물번호:2335239595 타입:아파트 면적:82.91 가격:매매/75000 방/욕실:3/1
[112] 매물:관악드림타운 144동13층 매물번호:2335383557 타입:아파트 면적:106.86 가격:매매/90000 방/욕실:3/2
[필터링][113] 매물:관악드림타운 132동9층 매물번호:2335388038 타입:아파트 면적:82.91 가격:매매/75000 방/욕실:3/1
[필터링][114] 매물:관악드림타운 132동9층 매물번호:2335278652 타입:아파트 면적:82.91 가격:매매/75000 방/욕실:3/1
[115] 매물:관악드림타운 144동13층 매물번호:2335382990 타입:아파트 면적:106.86 가격:매매/90000 방/욕실:3/2
[필터링][116] 매물:관악드림타운 132동9층 매물번호:2335388758 타입:아파트 면적:82.91 가격:매매/75000 방/욕실:3/1
[필터링][117] 매물:관악드림타운 121동저층 매물번호:2336466790 타입:아파트 면적:82.91 가격:매매/75000 방/욕실:3/1
[118] 매물:관악드림타운 141동고층 매물번호:2336492409 타입:아파트 면적:109.42 가격:매매/95000 방/욕실:3/2
[필터링][119] 매물:관악드림타운 129동저층 매물번호:2336357395 타입:아파트 면적:82.47 가격:매매/73000 방/욕실:3/1
[필터링][120] 매물:관악드림타운 121동저층 매물번호:2336474452 타입:아파트 면적:82.91 가격:매매/75000 방/욕실:3/1
[121] 매물:관악드림타운 114동2층 매물번호:2334639578 타입:아파트 면적:109.42 가격:매매/85000 방/욕실:3/2
[필터링][122] 매물:관악드림타운 129동저층 매물번호:2336618764 타입:아파트 면적:82.47 가격:매매/75000 방/욕실:3/1
[필터링][123] 매물:관악드림타운 124동고층 매물번호:2336603921 타입:아파트 면적:82.91 가격:매매/75000 방/욕실:3/1
[필터링][124] 매물:관악드림타운 115동저층 매물번호:2336615269 타입:아파트 면적:82.47 가격:매매/73000 방/욕실:3/1
[필터링][125] 매물:관악드림타운 110동중층 매물번호:2336575126 타입:아파트 면적:141.43 가격:매매/100000 방/욕실:4/2
[필터링][126] 매물:관악드림타운 110동중층 매물번호:2336542858 타입:아파트 면적:141.43 가격:매매/100000 방/욕실:4/2
[필터링][127] 매물:관악드림타운 121동저층 매물번호:2336513438 타입:아파트 면적:82.91 가격:매매/75000 방/욕실:3/1
[필터링][128] 매물:관악드림타운 132동9층 매물번호:2335710112 타입:아파트 면적:82.91 가격:매매/75000 방/욕실:3/1
[129] 매물:관악드림타운 143동고층 매물번호:2336095836 타입:아파트 면적:109.42 가격:매매/92000 방/욕실:3/2
[필터링][130] 매물:관악드림타운 124동고층 매물번호:2336631217 타입:아파트 면적:82.91 가격:매매/75000 방/욕실:3/1
[필터링][131] 매물:관악드림타운 124동고층 매물번호:2336791745 타입:아파트 면적:82.91 가격:매매/75000 방/욕실:3/1
[132] 매물:관악드림타운 138동중층 매물번호:2336661203 타입:아파트 면적:109.42 가격:매매/95000 방/욕실:3/2
[133] 매물:관악드림타운 138동중층 매물번호:2336816764 타입:아파트 면적:109.42 가격:매매/90000 방/욕실:3/2
[필터링][134] 매물:관악드림타운 113동14층 매물번호:2335880784 타입:아파트 면적:127.98 가격:매매/100000 방/욕실:4/2
[필터링][135] 매물:관악드림타운 132동9층 매물번호:2335896365 타입:아파트 면적:82.91 가격:매매/75000 방/욕실:3/1
[필터링][136] 매물:관악드림타운 129동저층 매물번호:2336617075 타입:아파트 면적:82.47 가격:매매/73000 방/욕실:3/1
[필터링][137] 매물:관악드림타운 129동1층 매물번호:2335829119 타입:아파트 면적:82.47 가격:매매/70000 방/욕실:3/1
[138] 매물:관악드림타운 138동2층 매물번호:2335947151 타입:아파트 면적:109.42 가격:매매/85000 방/욕실:3/2
[139] 매물:관악드림타운 138동저층 매물번호:2337003496 타입:아파트 면적:109.42 가격:매매/85000 방/욕실:3/2
[필터링][140] 매물:관악드림타운 115동저층 매물번호:2336220789 타입:아파트 면적:82.47 가격:매매/72000 방/욕실:3/1
[필터링][141] 매물:관악드림타운 110동중층 매물번호:2337009066 타입:아파트 면적:141.43 가격:매매/100000 방/욕실:4/2
[142] 매물:관악드림타운 138동중층 매물번호:2337011002 타입:아파트 면적:109.42 가격:매매/90000 방/욕실:3/2
[필터링][143] 매물:관악드림타운 110동중층 매물번호:2337004146 타입:아파트 면적:141.43 가격:매매/100000 방/욕실:4/2
[필터링][144] 매물:관악드림타운 121동저층 매물번호:2337019115 타입:아파트 면적:82.91 가격:매매/75000 방/욕실:3/1
[필터링][145] 매물:관악드림타운 113동고층 매물번호:2336916332 타입:아파트 면적:127.98 가격:매매/95000 방/욕실:4/2
[필터링][146] 매물:관악드림타운 121동저층 매물번호:2336956300 타입:아파트 면적:82.91 가격:매매/75000 방/욕실:3/1
[147] 매물:관악드림타운 131동고층 매물번호:2337035792 타입:아파트 면적:109.42 가격:매매/95000 방/욕실:3/2
[필터링][148] 매물:관악드림타운 121동저층 매물번호:2337001946 타입:아파트 면적:82.91 가격:매매/75000 방/욕실:3/1
[필터링][149] 매물:관악드림타운 124동고층 매물번호:2337003459 타입:아파트 면적:82.91 가격:매매/75000 방/욕실:3/1
[필터링][150] 매물:관악드림타운 129동1층 매물번호:2335965994 타입:아파트 면적:82.47 가격:매매/70000 방/욕실:3/1
[151] 매물:관악드림타운 144동13층 매물번호:2336070125 타입:아파트 면적:106.86 가격:매매/92000 방/욕실:3/2
[152] 매물:관악드림타운 114동2층 매물번호:2336285069 타입:아파트 면적:109.42 가격:매매/85000 방/욕실:3/2
[153] 매물:관악드림타운 144동13층 매물번호:2336019935 타입:아파트 면적:106.86 가격:매매/92000 방/욕실:3/2
[필터링][154] 매물:관악드림타운 110동중층 매물번호:2337169722 타입:아파트 면적:141.43 가격:매매/100000 방/욕실:4/2
[155] 매물:관악드림타운 138동중층 매물번호:2337105383 타입:아파트 면적:109.42 가격:매매/95000 방/욕실:3/2
[156] 매물:관악드림타운 131동고층 매물번호:2337081241 타입:아파트 면적:109.42 가격:매매/95000 방/욕실:3/2
[필터링][157] 매물:관악드림타운 124동고층 매물번호:2337175412 타입:아파트 면적:82.91 가격:매매/75000 방/욕실:3/1
[158] 매물:관악드림타운 114동2층 매물번호:2336279633 타입:아파트 면적:109.42 가격:매매/85000 방/욕실:3/2
[159] 매물:관악드림타운 138동2층 매물번호:2336280173 타입:아파트 면적:109.42 가격:매매/85000 방/욕실:3/2
[160] 매물:관악드림타운 114동2층 매물번호:2335436693 타입:아파트 면적:109.42 가격:매매/85000 방/욕실:3/2
[161] 매물:관악드림타운 141동고층 매물번호:2336573315 타입:아파트 면적:109.42 가격:매매/95000 방/욕실:3/2
[필터링][162] 매물:관악드림타운 129동저층 매물번호:2337284861 타입:아파트 면적:82.47 가격:매매/73000 방/욕실:3/1
[163] 매물:관악드림타운 122동중층 매물번호:2337248119 타입:아파트 면적:109.42 가격:매매/92000 방/욕실:3/2
[164] 매물:관악드림타운 141동고층 매물번호:2336453494 타입:아파트 면적:109.42 가격:매매/95000 방/욕실:3/2
[165] 매물:관악드림타운 122동중층 매물번호:2337274152 타입:아파트 면적:109.42 가격:매매/92000 방/욕실:3/2
[필터링][166] 매물:관악드림타운 129동저층 매물번호:2337001189 타입:아파트 면적:82.47 가격:매매/70000 방/욕실:3/1
[167] 매물:관악드림타운 104동저층 매물번호:2336521597 타입:아파트 면적:109.42 가격:매매/90000 방/욕실:3/2
[168] 매물:관악드림타운 122동중층 매물번호:2337236752 타입:아파트 면적:109.42 가격:매매/92000 방/욕실:3/2
[169] 매물:관악드림타운 122동중층 매물번호:2337277956 타입:아파트 면적:109.42 가격:매매/92000 방/욕실:3/2
[필터링][170] 매물:관악드림타운 110동중층 매물번호:2337239960 타입:아파트 면적:141.43 가격:매매/100000 방/욕실:4/2
[171] 매물:관악드림타운 122동중층 매물번호:2337292808 타입:아파트 면적:109.42 가격:매매/92000 방/욕실:3/2
[172] 매물:관악드림타운 144동중층 매물번호:2337495246 타입:아파트 면적:106.86 가격:매매/90000 방/욕실:3/2
[필터링][173] 매물:관악드림타운 132동저층 매물번호:2337339920 타입:아파트 면적:82.91 가격:매매/75000 방/욕실:3/1
[필터링][174] 매물:관악드림타운 121동4층 매물번호:2336491190 타입:아파트 면적:82.91 가격:매매/75000 방/욕실:3/1
[175] 매물:관악드림타운 144동3층 매물번호:2336469612 타입:아파트 면적:109.42 가격:매매/100000 방/욕실:3/2
[필터링][176] 매물:관악드림타운 121동4층 매물번호:2336475997 타입:아파트 면적:82.91 가격:매매/75000 방/욕실:3/1
[177] 매물:관악드림타운 104동저층 매물번호:2336987338 타입:아파트 면적:109.42 가격:매매/90000 방/욕실:3/2
[178] 매물:관악드림타운 141동고층 매물번호:2337557772 타입:아파트 면적:109.42 가격:매매/95000 방/욕실:3/2
[179] 매물:관악드림타운 141동고층 매물번호:2337541419 타입:아파트 면적:109.42 가격:매매/95000 방/욕실:3/2
[180] 매물:관악드림타운 141동고층 매물번호:2337635767 타입:아파트 면적:109.42 가격:매매/95000 방/욕실:3/2
[181] 매물:관악드림타운 122동중층 매물번호:2337639100 타입:아파트 면적:109.42 가격:매매/92000 방/욕실:3/2
[182] 매물:관악드림타운 141동고층 매물번호:2337562962 타입:아파트 면적:109.42 가격:매매/95000 방/욕실:3/2
[필터링][183] 매물:관악드림타운 124동고층 매물번호:2337562402 타입:아파트 면적:82.91 가격:매매/75000 방/욕실:3/1
[184] 매물:관악드림타운 141동고층 매물번호:2337560539 타입:아파트 면적:109.42 가격:매매/95000 방/욕실:3/2
[필터링][185] 매물:관악드림타운 115동저층 매물번호:2337537004 타입:아파트 면적:82.47 가격:매매/72000 방/욕실:3/1
[186] 매물:관악드림타운 138동중층 매물번호:2337392819 타입:아파트 면적:109.42 가격:매매/95000 방/욕실:3/2
[필터링][187] 매물:관악드림타운 121동4층 매물번호:2336606213 타입:아파트 면적:82.91 가격:매매/75000 방/욕실:3/1
[188] 매물:관악드림타운 114동2층 매물번호:2336517622 타입:아파트 면적:109.42 가격:매매/85000 방/욕실:3/2
[필터링][189] 매물:관악드림타운 129동1층 매물번호:2336584976 타입:아파트 면적:82.47 가격:매매/70000 방/욕실:3/1
[190] 매물:관악드림타운 114동2층 매물번호:2336572420 타입:아파트 면적:109.42 가격:매매/85000 방/욕실:3/2
[필터링][191] 매물:관악드림타운 121동4층 매물번호:2336612196 타입:아파트 면적:82.91 가격:매매/75000 방/욕실:3/1
[192] 매물:관악드림타운 138동2층 매물번호:2336619218 타입:아파트 면적:109.42 가격:매매/85000 방/욕실:3/2
[필터링][193] 매물:관악드림타운 129동중층 매물번호:2337677525 타입:아파트 면적:82.47 가격:매매/80000 방/욕실:3/1
[194] 매물:관악드림타운 104동저층 매물번호:2337690033 타입:아파트 면적:109.42 가격:매매/90000 방/욕실:3/2
[195] 매물:관악드림타운 131동고층 매물번호:2337696198 타입:아파트 면적:109.42 가격:매매/95000 방/욕실:3/2
[196] 매물:관악드림타운 141동고층 매물번호:2337668672 타입:아파트 면적:109.42 가격:매매/95000 방/욕실:3/2
[197] 매물:관악드림타운 141동고층 매물번호:2337664348 타입:아파트 면적:109.42 가격:매매/95000 방/욕실:3/2
[필터링][198] 매물:관악드림타운 105동중층 매물번호:2337690614 타입:아파트 면적:82.47 가격:매매/78000 방/욕실:3/1
[필터링][199] 매물:관악드림타운 115동저층 매물번호:2337696647 타입:아파트 면적:82.47 가격:매매/72000 방/욕실:3/1
[200] 매물:관악드림타운 104동저층 매물번호:2337666333 타입:아파트 면적:109.42 가격:매매/90000 방/욕실:3/2
[필터링][201] 매물:관악드림타운 110동중층 매물번호:2337618304 타입:아파트 면적:141.43 가격:매매/100000 방/욕실:4/2
[202] 매물:관악드림타운 104동저층 매물번호:2337599508 타입:아파트 면적:109.42 가격:매매/95000 방/욕실:3/2
[필터링][203] 매물:관악드림타운 115동저층 매물번호:2337610948 타입:아파트 면적:82.47 가격:매매/73000 방/욕실:3/1
[필터링][204] 매물:관악드림타운 132동9층 매물번호:2336648625 타입:아파트 면적:82.91 가격:매매/75000 방/욕실:3/1
[205] 매물:관악드림타운 141동고층 매물번호:2337366191 타입:아파트 면적:109.42 가격:매매/95000 방/욕실:3/2
[206] 매물:관악드림타운 122동중층 매물번호:2337333357 타입:아파트 면적:109.42 가격:매매/92000 방/욕실:3/2
[207] 매물:관악드림타운 138동중층 매물번호:2336904519 타입:아파트 면적:109.42 가격:매매/90000 방/욕실:3/2
[필터링][208] 매물:관악드림타운 124동23층 매물번호:2336680424 타입:아파트 면적:82.91 가격:매매/75000 방/욕실:3/1
[필터링][209] 매물:관악드림타운 132동9층 매물번호:2336698828 타입:아파트 면적:82.91 가격:매매/75000 방/욕실:3/1
[210] 매물:관악드림타운 144동13층 매물번호:2336003346 타입:아파트 면적:106.86 가격:매매/90000 방/욕실:3/2
[필터링][211] 매물:관악드림타운 124동23층 매물번호:2336782641 타입:아파트 면적:82.91 가격:매매/75000 방/욕실:3/1
[필터링][212] 매물:관악드림타운 124동23층 매물번호:2336753045 타입:아파트 면적:82.91 가격:매매/75000 방/욕실:3/1
[필터링][213] 매물:관악드림타운 124동23층 매물번호:2336730531 타입:아파트 면적:82.91 가격:매매/75000 방/욕실:3/1
[필터링][214] 매물:관악드림타운 132동저층 매물번호:2337819844 타입:아파트 면적:82.93 가격:매매/67000 방/욕실:2/1
[215] 매물:관악드림타운 141동고층 매물번호:2337936638 타입:아파트 면적:109.42 가격:매매/95000 방/욕실:3/2
[필터링][216] 매물:관악드림타운 130동중층 매물번호:2337915523 타입:아파트 면적:82.93 가격:매매/72000 방/욕실:3/1
[217] 매물:관악드림타운 104동저층 매물번호:2337911590 타입:아파트 면적:109.42 가격:매매/90000 방/욕실:3/2
[218] 매물:관악드림타운 143동고층 매물번호:2337100438 타입:아파트 면적:109.42 가격:매매/92000 방/욕실:3/2
[219] 매물:관악드림타운 122동중층 매물번호:2337094051 타입:아파트 면적:109.42 가격:매매/92000 방/욕실:3/2
[220] 매물:관악드림타운 131동고층 매물번호:2337800384 타입:아파트 면적:109.42 가격:매매/95000 방/욕실:3/2
[221] 매물:관악드림타운 122동중층 매물번호:2337039896 타입:아파트 면적:109.42 가격:매매/92000 방/욕실:3/2
[222] 매물:관악드림타운 114동저층 매물번호:2337764478 타입:아파트 면적:109.42 가격:매매/85000 방/욕실:3/2
[223] 매물:관악드림타운 144동13층 매물번호:2337035343 타입:아파트 면적:106.86 가격:매매/92000 방/욕실:3/2
[필터링][224] 매물:관악드림타운 121동4층 매물번호:2337000911 타입:아파트 면적:82.91 가격:매매/75000 방/욕실:2/1
[필터링][225] 매물:관악드림타운 121동4층 매물번호:2337037496 타입:아파트 면적:82.91 가격:매매/75000 방/욕실:3/1
[필터링][226] 매물:관악드림타운 132동9층 매물번호:2336997664 타입:아파트 면적:82.91 가격:매매/75000 방/욕실:3/1
[227] 매물:관악드림타운 114동2층 매물번호:2336178757 타입:아파트 면적:109.42 가격:매매/85000 방/욕실:3/2
[228] 매물:관악드림타운 141동고층 매물번호:2337318064 타입:아파트 면적:109.42 가격:매매/95000 방/욕실:3/2
[필터링][229] 매물:관악드림타운 129동저층 매물번호:2338021063 타입:아파트 면적:82.47 가격:매매/70000 방/욕실:3/1
[필터링][230] 매물:관악드림타운 130동중층 매물번호:2338020186 타입:아파트 면적:82.93 가격:매매/72000 방/욕실:2/1
[231] 매물:관악드림타운 114동저층 매물번호:2338039516 타입:아파트 면적:109.42 가격:매매/85000 방/욕실:3/2
[232] 매물:관악드림타운 138동중층 매물번호:2338140970 타입:아파트 면적:109.42 가격:매매/95000 방/욕실:3/2
[233] 매물:관악드림타운 141동고층 매물번호:2338095119 타입:아파트 면적:109.42 가격:매매/95000 방/욕실:3/2
[234] 매물:관악드림타운 122동중층 매물번호:2338153171 타입:아파트 면적:109.42 가격:매매/92000 방/욕실:3/2
[235] 매물:관악드림타운 144동중층 매물번호:2337948743 타입:아파트 면적:106.86 가격:매매/90000 방/욕실:3/2
[236] 매물:관악드림타운 138동2층 매물번호:2337293536 타입:아파트 면적:109.42 가격:매매/85000 방/욕실:3/2
[필터링][237] 매물:관악드림타운 124동23층 매물번호:2337093934 타입:아파트 면적:82.91 가격:매매/75000 방/욕실:3/1
[238] 매물:관악드림타운 114동2층 매물번호:2336615027 타입:아파트 면적:109.42 가격:매매/85000 방/욕실:3/2
[239] 매물:관악드림타운 114동2층 매물번호:2336371445 타입:아파트 면적:109.42 가격:매매/85000 방/욕실:3/2
[240] 매물:관악드림타운 144동13층 매물번호:2336393828 타입:아파트 면적:106.86 가격:매매/92000 방/욕실:3/2
[필터링][241] 매물:관악드림타운 132동9층 매물번호:2337100997 타입:아파트 면적:82.91 가격:매매/75000 방/욕실:3/1
[필터링][242] 매물:관악드림타운 129동1층 매물번호:2337125202 타입:아파트 면적:82.47 가격:매매/70000 방/욕실:3/1
[필터링][243] 매물:관악드림타운 132동9층 매물번호:2336977395 타입:아파트 면적:82.91 가격:매매/75000 방/욕실:3/1
[필터링][244] 매물:관악드림타운 129동1층 매물번호:2336976354 타입:아파트 면적:82.47 가격:매매/70000 방/욕실:3/1
[245] 매물:관악드림타운 141동고층 매물번호:2337521385 타입:아파트 면적:109.42 가격:매매/95000 방/욕실:3/2
[246] 매물:관악드림타운 141동고층 매물번호:2337502132 타입:아파트 면적:109.42 가격:매매/95000 방/욕실:3/2
[247] 매물:관악드림타운 141동고층 매물번호:2337484151 타입:아파트 면적:109.42 가격:매매/95000 방/욕실:3/2
[필터링][248] 매물:관악드림타운 129동저층 매물번호:2337467304 타입:아파트 면적:82.47 가격:매매/73000 방/욕실:3/1
[필터링][249] 매물:관악드림타운 121동4층 매물번호:2336574304 타입:아파트 면적:82.91 가격:매매/75000 방/욕실:3/1
[250] 매물:관악드림타운 114동2층 매물번호:2336521644 타입:아파트 면적:109.42 가격:매매/85000 방/욕실:3/2
[필터링][251] 매물:관악드림타운 121동4층 매물번호:2337189867 타입:아파트 면적:82.91 가격:매매/75000 방/욕실:3/1
[252] 매물:관악드림타운 114동2층 매물번호:2337359633 타입:아파트 면적:109.42 가격:매매/85000 방/욕실:3/2
[253] 매물:관악드림타운 114동2층 매물번호:2337360453 타입:아파트 면적:109.42 가격:매매/85000 방/욕실:3/2
[필터링][254] 매물:관악드림타운 129동1층 매물번호:2337457336 타입:아파트 면적:82.47 가격:매매/70000 방/욕실:3/1
[255] 매물:관악드림타운 144동13층 매물번호:2337362572 타입:아파트 면적:106.86 가격:매매/90000 방/욕실:3/2
[필터링][256] 매물:관악드림타운 121동4층 매물번호:2337281389 타입:아파트 면적:82.91 가격:매매/75000 방/욕실:3/1
[필터링][257] 매물:관악드림타운 124동23층 매물번호:2336980980 타입:아파트 면적:82.91 가격:매매/75000 방/욕실:3/1
[258] 매물:관악드림타운 144동13층 매물번호:2337638069 타입:아파트 면적:106.86 가격:매매/92000 방/욕실:3/2
[필터링][259] 매물:관악드림타운 132동9층 매물번호:2337539926 타입:아파트 면적:82.91 가격:매매/75000 방/욕실:3/1
[필터링][260] 매물:관악드림타운 124동23층 매물번호:2337556779 타입:아파트 면적:82.91 가격:매매/75000 방/욕실:3/1
[필터링][261] 매물:관악드림타운 124동23층 매물번호:2337523875 타입:아파트 면적:82.91 가격:매매/75000 방/욕실:3/1
[필터링][262] 매물:관악드림타운 132동9층 매물번호:2337557109 타입:아파트 면적:82.91 가격:매매/75000 방/욕실:3/1
[263] 매물:관악드림타운 141동고층 매물번호:2337934907 타입:아파트 면적:109.42 가격:매매/95000 방/욕실:3/2
[필터링][264] 매물:관악드림타운 129동1층 매물번호:2337600851 타입:아파트 면적:82.47 가격:매매/70000 방/욕실:3/1
[필터링][265] 매물:관악드림타운 121동4층 매물번호:2337608724 타입:아파트 면적:82.91 가격:매매/75000 방/욕실:3/1
[필터링][266] 매물:관악드림타운 129동1층 매물번호:2337701047 타입:아파트 면적:82.47 가격:매매/70000 방/욕실:3/1
[필터링][267] 매물:관악드림타운 129동1층 매물번호:2337703873 타입:아파트 면적:82.47 가격:매매/70000 방/욕실:3/1
[필터링][268] 매물:관악드림타운 121동4층 매물번호:2337696035 타입:아파트 면적:82.91 가격:매매/75000 방/욕실:3/1
[필터링][269] 매물:관악드림타운 121동4층 매물번호:2337702478 타입:아파트 면적:82.91 가격:매매/75000 방/욕실:3/1
[270] 매물:관악드림타운 138동2층 매물번호:2337317080 타입:아파트 면적:109.42 가격:매매/85000 방/욕실:3/2
[필터링][271] 매물:관악드림타운 121동4층 매물번호:2337346414 타입:아파트 면적:82.91 가격:매매/75000 방/욕실:3/1
[필터링][272] 매물:관악드림타운 130동중층 매물번호:2337851702 타입:아파트 면적:82.93 가격:매매/72000 방/욕실:3/1
[273] 매물:관악드림타운 144동13층 매물번호:2337327070 타입:아파트 면적:106.86 가격:매매/90000 방/욕실:3/2
[274] 매물:관악드림타운 144동13층 매물번호:2336921101 타입:아파트 면적:106.86 가격:매매/90000 방/욕실:3/2
[275] 매물:관악드림타운 122동중층 매물번호:2338008809 타입:아파트 면적:109.42 가격:매매/92000 방/욕실:3/2
[276] 매물:관악드림타운 104동저층 매물번호:2338075438 타입:아파트 면적:109.42 가격:매매/90000 방/욕실:3/2
[필터링][277] 매물:관악드림타운 129동1층 매물번호:2337827010 타입:아파트 면적:82.47 가격:매매/70000 방/욕실:3/1
[278] 매물:관악드림타운 114동2층 매물번호:2337930325 타입:아파트 면적:109.42 가격:매매/85000 방/욕실:3/2
[279] 매물:관악드림타운 114동2층 매물번호:2337911237 타입:아파트 면적:109.42 가격:매매/85000 방/욕실:3/2
[280] 매물:관악드림타운 144동13층 매물번호:2337837310 타입:아파트 면적:106.86 가격:매매/90000 방/욕실:3/2
[281] 매물:관악드림타운 114동2층 매물번호:2337349299 타입:아파트 면적:109.42 가격:매매/85000 방/욕실:3/2
[필터링][282] 매물:관악드림타운 121동4층 매물번호:2337931035 타입:아파트 면적:82.91 가격:매매/75000 방/욕실:3/1
[283] 매물:관악드림타운 114동2층 매물번호:2337128605 타입:아파트 면적:109.42 가격:매매/85000 방/욕실:3/2
[필터링][284] 매물:관악드림타운 132동9층 매물번호:2337935711 타입:아파트 면적:82.91 가격:매매/75000 방/욕실:3/1
[필터링][285] 매물:관악드림타운 129동1층 매물번호:2337790303 타입:아파트 면적:82.47 가격:매매/70000 방/욕실:3/1
[286] 매물:관악드림타운 144동13층 매물번호:2337882468 타입:아파트 면적:106.86 가격:매매/90000 방/욕실:3/2
[287] 매물:관악드림타운 114동2층 매물번호:2337314404 타입:아파트 면적:109.42 가격:매매/85000 방/욕실:3/2
[필터링][288] 매물:관악드림타운 132동9층 매물번호:2337974350 타입:아파트 면적:82.91 가격:매매/75000 방/욕실:3/1
[289] 매물:관악드림타운 144동13층 매물번호:2338057674 타입:아파트 면적:106.86 가격:매매/90000 방/욕실:3/2
[필터링][290] 매물:관악드림타운 132동9층 매물번호:2338059640 타입:아파트 면적:82.91 가격:매매/75000 방/욕실:3/1
[필터링][291] 매물:관악드림타운 124동23층 매물번호:2338087561 타입:아파트 면적:82.91 가격:매매/75000 방/욕실:3/1
[필터링][292] 매물:관악드림타운 132동1층 매물번호:2338126672 타입:아파트 면적:82.93 가격:매매/67000 방/욕실:2/1
[필터링][293] 매물:관악드림타운 121동4층 매물번호:2338154002 타입:아파트 면적:82.91 가격:매매/75000 방/욕실:3/1
[필터링][294] 매물:관악드림타운 121동4층 매물번호:2338117988 타입:아파트 면적:82.91 가격:매매/75000 방/욕실:3/1
[필터링][295] 매물:관악드림타운 115동1층 매물번호:2338156615 타입:아파트 면적:82.47 가격:매매/72000 방/욕실:3/1
[필터링][296] 매물:관악드림타운 129동1층 매물번호:2338063775 타입:아파트 면적:82.47 가격:매매/70000 방/욕실:3/1
[필터링][297] 매물:관악드림타운 132동9층 매물번호:2337954195 타입:아파트 면적:82.91 가격:매매/75000 방/욕실:3/1
[필터링][298] 매물:관악드림타운 124동23층 매물번호:2338104469 타입:아파트 면적:82.91 가격:매매/75000 방/욕실:3/1
[필터링][299] 매물:관악드림타운 132동1층 매물번호:2337954792 타입:아파트 면적:82.93 가격:매매/67000 방/욕실:2/1
[필터링][300] 매물:관악드림타운 115동1층 매물번호:2338106937 타입:아파트 면적:82.47 가격:매매/72000 방/욕실:3/1
[필터링][301] 매물:관악드림타운 129동1층 매물번호:2337943414 타입:아파트 면적:82.47 가격:매매/70000 방/욕실:3/1
[필터링][302] 매물:관악드림타운 124동23층 매물번호:2337943369 타입:아파트 면적:82.91 가격:매매/75000 방/욕실:3/1
[303] 매물:관악드림타운 144동13층 매물번호:2337625039 타입:아파트 면적:106.86 가격:매매/90000 방/욕실:3/2
[304] 매물:관악드림타운 144동13층 매물번호:2338153839 타입:아파트 면적:106.86 가격:매매/90000 방/욕실:3/2
[필터링][305] 매물:관악드림타운 129동1층 매물번호:2338097340 타입:아파트 면적:82.47 가격:매매/70000 방/욕실:3/1
[306] 매물:관악드림타운 114동2층 매물번호:2338100051 타입:아파트 면적:109.42 가격:매매/85000 방/욕실:3/2
[307] 매물:관악드림타운 144동13층 매물번호:2337783065 타입:아파트 면적:106.86 가격:매매/90000 방/욕실:3/2
[308] 매물:관악드림타운 114동2층 매물번호:2337774693 타입:아파트 면적:109.42 가격:매매/85000 방/욕실:3/2
[309] 매물:관악드림타운 144동13층 매물번호:2338160392 타입:아파트 면적:106.86 가격:매매/90000 방/욕실:3/2
[310] 매물:관악드림타운 114동2층 매물번호:2338076144 타입:아파트 면적:109.42 가격:매매/85000 방/욕실:3/2
[1] 매물:관악미래가 1동중층 매물번호:2336877045 타입:아파트 면적:149.19 가격:매매/78000 방/욕실:3/2
[2] 매물:관악미래가 1동3층 매물번호:2337652173 타입:아파트 면적:149.19 가격:매매/78000 방/욕실:3/2
[3] 매물:관악미래가 1동3층 매물번호:2337853668 타입:아파트 면적:149.19 가격:매매/78000 방/욕실:3/2
[4] 매물:관악미래가 1동3층 매물번호:2338079697 타입:아파트 면적:149.19 가격:매매/78000 방/욕실:3/2
[필터링][1] 매물:관악브라운스톤 101동10층 매물번호:2334481676 타입:아파트 면적:76.5 가격:매매/88000 방/욕실:3/1
[필터링][2] 매물:관악브라운스톤 101동중층 매물번호:2333443567 타입:아파트 면적:76.5 가격:매매/85000 방/욕실:3/1
[3] 매물:관악브라운스톤 103동2층 매물번호:2333631493 타입:아파트 면적:103.54 가격:매매/85000 방/욕실:3/2
[4] 매물:관악브라운스톤 103동2층 매물번호:2335215640 타입:아파트 면적:103.54 가격:매매/85000 방/욕실:3/2
[5] 매물:관악브라운스톤 103동2층 매물번호:2335437865 타입:아파트 면적:103.54 가격:매매/85000 방/욕실:3/2
[필터링][6] 매물:관악브라운스톤 101동8층 매물번호:2335549439 타입:아파트 면적:76.5 가격:매매/85000 방/욕실:3/1
[7] 매물:관악브라운스톤 103동4층 매물번호:2337689182 타입:아파트 면적:103.54 가격:매매/100000 방/욕실:3/2
[8] 매물:관악브라운스톤 103동2층 매물번호:2338058285 타입:아파트 면적:103.54 가격:매매/85000 방/욕실:3/2
[필터링][9] 매물:관악브라운스톤 101동11층 매물번호:2337315082 타입:아파트 면적:76.5 가격:매매/82000 방/욕실:3/1
[필터링][1] 매물:관악우성 107동16층 매물번호:2333508976 타입:아파트 면적:87.63 가격:매매/71000 방/욕실:2/1
[2] 매물:관악우성 101동9층 매물번호:2334316658 타입:아파트 면적:106.06 가격:매매/90000 방/욕실:3/2
[3] 매물:관악우성 105동9층 매물번호:2334961490 타입:아파트 면적:106.06 가격:매매/90000 방/욕실:3/2
[필터링][4] 매물:관악우성 102동27층 매물번호:2335018818 타입:아파트 면적:143.28 가격:매매/95000 방/욕실:4/2
[필터링][5] 매물:관악우성 107동저층 매물번호:2335043308 타입:아파트 면적:87.63 가격:매매/69000 방/욕실:2/1
[필터링][6] 매물:관악우성 106동4층 매물번호:2335400991 타입:아파트 면적:87.63 가격:매매/63000 방/욕실:2/1
[필터링][7] 매물:관악우성 108동17층 매물번호:2335274290 타입:아파트 면적:87.63 가격:매매/65000 방/욕실:2/1
[필터링][8] 매물:관악우성 108동17층 매물번호:2335421851 타입:아파트 면적:87.63 가격:매매/68000 방/욕실:2/1
[9] 매물:관악우성 104동28층 매물번호:2335423026 타입:아파트 면적:106.06 가격:매매/81000 방/욕실:3/2
[필터링][10] 매물:관악우성 107동3층 매물번호:2335420701 타입:아파트 면적:87.63 가격:매매/69000 방/욕실:2/1
[필터링][11] 매물:관악우성 106동2층 매물번호:2335419465 타입:아파트 면적:87.63 가격:매매/70000 방/욕실:2/1
[필터링][12] 매물:관악우성 107동5층 매물번호:2335421089 타입:아파트 면적:87.63 가격:매매/64000 방/욕실:2/1
[필터링][13] 매물:관악우성 106동3층 매물번호:2335419941 타입:아파트 면적:87.63 가격:매매/75000 방/욕실:2/1
[필터링][14] 매물:관악우성 106동2층 매물번호:2336607043 타입:아파트 면적:87.63 가격:매매/70000 방/욕실:2/1
[15] 매물:관악우성 104동20층 매물번호:2336624631 타입:아파트 면적:106.06 가격:매매/82000 방/욕실:3/2
[16] 매물:관악우성 101동9층 매물번호:2336607667 타입:아파트 면적:106.06 가격:매매/90000 방/욕실:3/2
[17] 매물:관악우성 102동18층 매물번호:2336865910 타입:아파트 면적:106.06 가격:매매/90000 방/욕실:3/2
[필터링][18] 매물:관악우성 102동6층 매물번호:2336865977 타입:아파트 면적:143.28 가격:매매/100000 방/욕실:4/2
[필터링][19] 매물:관악우성 102동27층 매물번호:2336865720 타입:아파트 면적:143.28 가격:매매/95000 방/욕실:4/2
[20] 매물:관악우성 105동23층 매물번호:2337082281 타입:아파트 면적:106.06 가격:매매/87000 방/욕실:3/2
[21] 매물:관악우성 101동3층 매물번호:2337159192 타입:아파트 면적:106.06 가격:매매/85000 방/욕실:3/2
[필터링][22] 매물:관악우성 108동17층 매물번호:2337161681 타입:아파트 면적:87.63 가격:매매/65000 방/욕실:2/1
[23] 매물:관악우성 105동4층 매물번호:2337164461 타입:아파트 면적:106.06 가격:매매/84000 방/욕실:3/2
[필터링][24] 매물:관악우성 102동27층 매물번호:2337141596 타입:아파트 면적:143.28 가격:매매/95000 방/욕실:4/2
[25] 매물:관악우성 105동12층 매물번호:2337163531 타입:아파트 면적:106.06 가격:매매/85000 방/욕실:3/2
[26] 매물:관악우성 105동1층 매물번호:2337151449 타입:아파트 면적:106.06 가격:매매/80000 방/욕실:3/2
[27] 매물:관악우성 104동28층 매물번호:2337141371 타입:아파트 면적:106.06 가격:매매/80000 방/욕실:3/2
[28] 매물:관악우성 101동9층 매물번호:2337221179 타입:아파트 면적:106.06 가격:매매/100000 방/욕실:3/2
[필터링][29] 매물:관악우성 108동저층 매물번호:2337421225 타입:아파트 면적:87.63 가격:매매/64000 방/욕실:2/1
[필터링][30] 매물:관악우성 107동5층 매물번호:2337860472 타입:아파트 면적:87.63 가격:매매/64000 방/욕실:2/1
[필터링][31] 매물:관악우성 108동21층 매물번호:2337860332 타입:아파트 면적:87.63 가격:매매/69000 방/욕실:2/1
[필터링][32] 매물:관악우성 107동13층 매물번호:2337809431 타입:아파트 면적:87.63 가격:매매/65000 방/욕실:2/1
[필터링][33] 매물:관악우성 106동4층 매물번호:2338179330 타입:아파트 면적:87.63 가격:매매/65000 방/욕실:2/1
[34] 매물:관악우성 105동1층 매물번호:2338179439 타입:아파트 면적:106.06 가격:매매/87000 방/욕실:3/2
[필터링][35] 매물:관악우성 108동2층 매물번호:2338179592 타입:아파트 면적:87.63 가격:매매/64000 방/욕실:2/1
[필터링][36] 매물:관악우성 106동16층 매물번호:2338179289 타입:아파트 면적:87.63 가격:매매/73000 방/욕실:2/1
[필터링][37] 매물:관악우성 107동5층 매물번호:2338179787 타입:아파트 면적:87.63 가격:매매/64000 방/욕실:2/1
[38] 매물:관악우성 105동23층 매물번호:2338180111 타입:아파트 면적:106.06 가격:매매/87000 방/욕실:3/2
[필터링][39] 매물:관악우성 106동16층 매물번호:2333372460 타입:아파트 면적:87.63 가격:매매/73000 방/욕실:2/1
[필터링][40] 매물:관악우성 107동16층 매물번호:2333372838 타입:아파트 면적:87.63 가격:매매/71000 방/욕실:2/1
[필터링][41] 매물:관악우성 103동9층 매물번호:2333429730 타입:아파트 면적:143.28 가격:매매/100000 방/욕실:4/2
[42] 매물:관악우성 102동18층 매물번호:2333511488 타입:아파트 면적:106.06 가격:매매/90000 방/욕실:3/2
[필터링][43] 매물:관악우성 108동17층 매물번호:2333487258 타입:아파트 면적:87.63 가격:매매/68000 방/욕실:2/1
[필터링][44] 매물:관악우성 107동5층 매물번호:2333467485 타입:아파트 면적:87.63 가격:매매/64000 방/욕실:2/1
[필터링][45] 매물:관악우성 107동5층 매물번호:2333472941 타입:아파트 면적:87.63 가격:매매/64000 방/욕실:2/1
[필터링][46] 매물:관악우성 107동고층 매물번호:2333933085 타입:아파트 면적:87.63 가격:매매/70000 방/욕실:2/1
[필터링][47] 매물:관악우성 102동6층 매물번호:2333607429 타입:아파트 면적:143.28 가격:매매/100000 방/욕실:4/2
[48] 매물:관악우성 102동18층 매물번호:2333608766 타입:아파트 면적:106.06 가격:매매/90000 방/욕실:3/2
[필터링][49] 매물:관악우성 108동11층 매물번호:2333650606 타입:아파트 면적:87.63 가격:매매/66000 방/욕실:2/1
[필터링][50] 매물:관악우성 103동9층 매물번호:2333683912 타입:아파트 면적:143.28 가격:매매/100000 방/욕실:4/2
[필터링][51] 매물:관악우성 108동중층 매물번호:2334877181 타입:아파트 면적:87.63 가격:매매/66000 방/욕실:2/1
[필터링][52] 매물:관악우성 103동9층 매물번호:2333880671 타입:아파트 면적:143.28 가격:매매/95000 방/욕실:4/2
[필터링][53] 매물:관악우성 106동16층 매물번호:2333817438 타입:아파트 면적:87.63 가격:매매/73000 방/욕실:2/1
[필터링][54] 매물:관악우성 107동16층 매물번호:2333782869 타입:아파트 면적:87.63 가격:매매/71000 방/욕실:2/1
[필터링][55] 매물:관악우성 102동6층 매물번호:2333943090 타입:아파트 면적:143.28 가격:매매/100000 방/욕실:4/2
[필터링][56] 매물:관악우성 103동9층 매물번호:2334014099 타입:아파트 면적:143.28 가격:매매/98000 방/욕실:4/2
[필터링][57] 매물:관악우성 108동11층 매물번호:2333928127 타입:아파트 면적:87.63 가격:매매/66000 방/욕실:2/1
[필터링][58] 매물:관악우성 107동16층 매물번호:2334113080 타입:아파트 면적:87.63 가격:매매/71000 방/욕실:2/1
[59] 매물:관악우성 104동25층 매물번호:2334117153 타입:아파트 면적:106.06 가격:매매/89000 방/욕실:3/2
[60] 매물:관악우성 104동28층 매물번호:2334137559 타입:아파트 면적:106.06 가격:매매/81000 방/욕실:3/2
[61] 매물:관악우성 105동1층 매물번호:2334250611 타입:아파트 면적:106.06 가격:매매/80000 방/욕실:3/2
[필터링][62] 매물:관악우성 108동17층 매물번호:2334275419 타입:아파트 면적:87.63 가격:매매/68000 방/욕실:2/1
[필터링][63] 매물:관악우성 108동17층 매물번호:2334207714 타입:아파트 면적:87.63 가격:매매/68000 방/욕실:2/1
[필터링][64] 매물:관악우성 103동9층 매물번호:2334251746 타입:아파트 면적:143.28 가격:매매/100000 방/욕실:4/2
[65] 매물:관악우성 104동28층 매물번호:2334225043 타입:아파트 면적:106.06 가격:매매/80000 방/욕실:3/2
[66] 매물:관악우성 105동23층 매물번호:2334260257 타입:아파트 면적:106.06 가격:매매/87000 방/욕실:3/2
[67] 매물:관악우성 101동3층 매물번호:2334292054 타입:아파트 면적:106.06 가격:매매/85000 방/욕실:3/2
[68] 매물:관악우성 105동23층 매물번호:2334248703 타입:아파트 면적:106.06 가격:매매/87000 방/욕실:3/2
[필터링][69] 매물:관악우성 108동13층 매물번호:2334244940 타입:아파트 면적:87.63 가격:매매/65000 방/욕실:2/1
[70] 매물:관악우성 105동23층 매물번호:2334196417 타입:아파트 면적:106.06 가격:매매/87000 방/욕실:3/2
[71] 매물:관악우성 105동23층 매물번호:2334196215 타입:아파트 면적:106.06 가격:매매/87000 방/욕실:3/2
[72] 매물:관악우성 105동23층 매물번호:2334210657 타입:아파트 면적:106.06 가격:매매/87000 방/욕실:3/2
[73] 매물:관악우성 104동23층 매물번호:2334334245 타입:아파트 면적:106.06 가격:매매/87000 방/욕실:3/2
[필터링][74] 매물:관악우성 108동11층 매물번호:2334334382 타입:아파트 면적:87.63 가격:매매/66000 방/욕실:2/1
[필터링][75] 매물:관악우성 107동13층 매물번호:2334345226 타입:아파트 면적:87.63 가격:매매/69500 방/욕실:2/1
[필터링][76] 매물:관악우성 107동5층 매물번호:2334334339 타입:아파트 면적:87.63 가격:매매/64000 방/욕실:2/1
[필터링][77] 매물:관악우성 106동3층 매물번호:2334320875 타입:아파트 면적:87.63 가격:매매/75000 방/욕실:2/1
[필터링][78] 매물:관악우성 107동15층 매물번호:2334372632 타입:아파트 면적:87.63 가격:매매/71000 방/욕실:2/1
[79] 매물:관악우성 105동1층 매물번호:2334318840 타입:아파트 면적:106.06 가격:매매/80000 방/욕실:3/2
[80] 매물:관악우성 105동23층 매물번호:2334373443 타입:아파트 면적:106.06 가격:매매/87000 방/욕실:3/2
[필터링][81] 매물:관악우성 103동9층 매물번호:2334403535 타입:아파트 면적:143.28 가격:매매/95000 방/욕실:4/2
[82] 매물:관악우성 105동1층 매물번호:2334394426 타입:아파트 면적:106.06 가격:매매/80000 방/욕실:3/2
[필터링][83] 매물:관악우성 107동5층 매물번호:2334387031 타입:아파트 면적:87.63 가격:매매/64000 방/욕실:2/1
[필터링][84] 매물:관악우성 108동6층 매물번호:2334573367 타입:아파트 면적:87.63 가격:매매/69500 방/욕실:2/1
[필터링][85] 매물:관악우성 106동3층 매물번호:2334690475 타입:아파트 면적:87.63 가격:매매/75000 방/욕실:2/1
[필터링][86] 매물:관악우성 106동16층 매물번호:2334515702 타입:아파트 면적:87.63 가격:매매/73000 방/욕실:2/1
[필터링][87] 매물:관악우성 106동16층 매물번호:2334668184 타입:아파트 면적:87.63 가격:매매/73000 방/욕실:2/1
[필터링][88] 매물:관악우성 107동16층 매물번호:2334671529 타입:아파트 면적:87.63 가격:매매/71000 방/욕실:2/1
[89] 매물:관악우성 102동18층 매물번호:2334677865 타입:아파트 면적:106.06 가격:매매/90000 방/욕실:3/2
[필터링][90] 매물:관악우성 107동12층 매물번호:2334668719 타입:아파트 면적:87.63 가격:매매/75000 방/욕실:2/1
[필터링][91] 매물:관악우성 108동13층 매물번호:2334495792 타입:아파트 면적:87.63 가격:매매/65000 방/욕실:2/1
[필터링][92] 매물:관악우성 106동6층 매물번호:2334675277 타입:아파트 면적:87.63 가격:매매/65000 방/욕실:2/1
[필터링][93] 매물:관악우성 108동1층 매물번호:2334552324 타입:아파트 면적:87.63 가격:매매/64000 방/욕실:2/1
[필터링][94] 매물:관악우성 108동13층 매물번호:2334666851 타입:아파트 면적:87.63 가격:매매/65000 방/욕실:2/1
[필터링][95] 매물:관악우성 102동27층 매물번호:2334689854 타입:아파트 면적:143.28 가격:매매/95000 방/욕실:4/2
[필터링][96] 매물:관악우성 107동13층 매물번호:2334674429 타입:아파트 면적:87.63 가격:매매/65000 방/욕실:2/1
[필터링][97] 매물:관악우성 108동11층 매물번호:2334708846 타입:아파트 면적:87.63 가격:매매/66000 방/욕실:2/1
[98] 매물:관악우성 105동2층 매물번호:2334734953 타입:아파트 면적:106.06 가격:매매/80000 방/욕실:3/2
[99] 매물:관악우성 101동3층 매물번호:2334711018 타입:아파트 면적:106.06 가격:매매/85000 방/욕실:3/2
[필터링][100] 매물:관악우성 102동27층 매물번호:2334692049 타입:아파트 면적:143.28 가격:매매/95000 방/욕실:4/2
[필터링][101] 매물:관악우성 106동4층 매물번호:2334783760 타입:아파트 면적:87.63 가격:매매/65000 방/욕실:2/1
[필터링][102] 매물:관악우성 106동4층 매물번호:2334889497 타입:아파트 면적:87.63 가격:매매/65000 방/욕실:2/1
[필터링][103] 매물:관악우성 107동5층 매물번호:2334927467 타입:아파트 면적:87.63 가격:매매/64000 방/욕실:2/1
[104] 매물:관악우성 104동25층 매물번호:2334951873 타입:아파트 면적:106.06 가격:매매/87000 방/욕실:3/2
[필터링][105] 매물:관악우성 106동4층 매물번호:2334847666 타입:아파트 면적:87.63 가격:매매/65000 방/욕실:2/1
[필터링][106] 매물:관악우성 104동16층 매물번호:2334900432 타입:아파트 면적:143.28 가격:매매/100000 방/욕실:4/2
[필터링][107] 매물:관악우성 107동12층 매물번호:2334953107 타입:아파트 면적:87.63 가격:매매/75000 방/욕실:2/1
[필터링][108] 매물:관악우성 106동16층 매물번호:2334897841 타입:아파트 면적:87.63 가격:매매/73000 방/욕실:2/1
[필터링][109] 매물:관악우성 108동21층 매물번호:2334842987 타입:아파트 면적:87.63 가격:매매/67500 방/욕실:2/1
[110] 매물:관악우성 102동18층 매물번호:2335088671 타입:아파트 면적:106.06 가격:매매/90000 방/욕실:3/2
[필터링][111] 매물:관악우성 107동16층 매물번호:2335073872 타입:아파트 면적:87.63 가격:매매/71000 방/욕실:2/1
[필터링][112] 매물:관악우성 108동15층 매물번호:2334999926 타입:아파트 면적:87.63 가격:매매/70000 방/욕실:2/1
[113] 매물:관악우성 101동1층 매물번호:2335024527 타입:아파트 면적:106.06 가격:매매/85000 방/욕실:3/2
[필터링][114] 매물:관악우성 108동17층 매물번호:2335097336 타입:아파트 면적:87.63 가격:매매/68000 방/욕실:2/1
[115] 매물:관악우성 104동25층 매물번호:2335131027 타입:아파트 면적:106.06 가격:매매/87000 방/욕실:3/2
[116] 매물:관악우성 102동18층 매물번호:2335078228 타입:아파트 면적:106.06 가격:매매/90000 방/욕실:3/2
[필터링][117] 매물:관악우성 102동27층 매물번호:2335088361 타입:아파트 면적:143.28 가격:매매/95000 방/욕실:4/2
[필터링][118] 매물:관악우성 107동3층 매물번호:2335135745 타입:아파트 면적:87.63 가격:매매/69000 방/욕실:2/1
[119] 매물:관악우성 104동25층 매물번호:2335185966 타입:아파트 면적:106.06 가격:매매/87000 방/욕실:3/2
[필터링][120] 매물:관악우성 102동21층 매물번호:2335020535 타입:아파트 면적:143.28 가격:매매/100000 방/욕실:4/2
[필터링][121] 매물:관악우성 108동저층 매물번호:2336498885 타입:아파트 면적:87.63 가격:매매/64000 방/욕실:2/1
[필터링][122] 매물:관악우성 108동저층 매물번호:2336487819 타입:아파트 면적:87.63 가격:매매/64000 방/욕실:2/1
[필터링][123] 매물:관악우성 108동17층 매물번호:2335315602 타입:아파트 면적:87.63 가격:매매/68000 방/욕실:2/1
[필터링][124] 매물:관악우성 108동17층 매물번호:2335384719 타입:아파트 면적:87.63 가격:매매/68000 방/욕실:2/1
[필터링][125] 매물:관악우성 102동6층 매물번호:2335376920 타입:아파트 면적:143.28 가격:매매/100000 방/욕실:4/2
[필터링][126] 매물:관악우성 108동6층 매물번호:2335324523 타입:아파트 면적:87.63 가격:매매/69500 방/욕실:2/1
[127] 매물:관악우성 105동1층 매물번호:2335288042 타입:아파트 면적:106.06 가격:매매/80000 방/욕실:3/2
[필터링][128] 매물:관악우성 107동13층 매물번호:2335197647 타입:아파트 면적:87.63 가격:매매/69500 방/욕실:2/1
[129] 매물:관악우성 104동25층 매물번호:2335262207 타입:아파트 면적:106.06 가격:매매/87000 방/욕실:3/2
[필터링][130] 매물:관악우성 108동17층 매물번호:2335332621 타입:아파트 면적:87.63 가격:매매/65000 방/욕실:2/1
[필터링][131] 매물:관악우성 108동11층 매물번호:2335238482 타입:아파트 면적:87.63 가격:매매/66000 방/욕실:2/1
[필터링][132] 매물:관악우성 108동6층 매물번호:2335331362 타입:아파트 면적:87.63 가격:매매/69500 방/욕실:2/1
[필터링][133] 매물:관악우성 106동11층 매물번호:2335198331 타입:아파트 면적:87.63 가격:매매/73000 방/욕실:2/1
[134] 매물:관악우성 104동25층 매물번호:2335354337 타입:아파트 면적:106.06 가격:매매/87000 방/욕실:3/2
[필터링][135] 매물:관악우성 107동3층 매물번호:2335240854 타입:아파트 면적:87.63 가격:매매/69000 방/욕실:2/1
[필터링][136] 매물:관악우성 102동27층 매물번호:2335215664 타입:아파트 면적:143.28 가격:매매/95000 방/욕실:4/2
[필터링][137] 매물:관악우성 108동17층 매물번호:2335334017 타입:아파트 면적:87.63 가격:매매/68000 방/욕실:2/1
[138] 매물:관악우성 102동18층 매물번호:2335215647 타입:아파트 면적:106.06 가격:매매/90000 방/욕실:3/2
[필터링][139] 매물:관악우성 107동5층 매물번호:2335239074 타입:아파트 면적:87.63 가격:매매/64000 방/욕실:2/1
[140] 매물:관악우성 105동23층 매물번호:2335330260 타입:아파트 면적:106.06 가격:매매/87000 방/욕실:3/2
[141] 매물:관악우성 104동28층 매물번호:2335385451 타입:아파트 면적:106.06 가격:매매/80000 방/욕실:3/2
[142] 매물:관악우성 105동1층 매물번호:2335452579 타입:아파트 면적:106.06 가격:매매/80000 방/욕실:3/2
[143] 매물:관악우성 105동23층 매물번호:2335431154 타입:아파트 면적:106.06 가격:매매/87000 방/욕실:3/2
[필터링][144] 매물:관악우성 108동6층 매물번호:2335420787 타입:아파트 면적:87.63 가격:매매/69500 방/욕실:2/1
[145] 매물:관악우성 102동18층 매물번호:2335415592 타입:아파트 면적:106.06 가격:매매/90000 방/욕실:3/2
[146] 매물:관악우성 104동25층 매물번호:2335423722 타입:아파트 면적:106.06 가격:매매/87000 방/욕실:3/2
[필터링][147] 매물:관악우성 108동15층 매물번호:2335455575 타입:아파트 면적:87.63 가격:매매/70000 방/욕실:2/1
[필터링][148] 매물:관악우성 108동11층 매물번호:2335519875 타입:아파트 면적:87.63 가격:매매/66000 방/욕실:2/1
[필터링][149] 매물:관악우성 106동4층 매물번호:2335442692 타입:아파트 면적:87.63 가격:매매/65000 방/욕실:2/1
[필터링][150] 매물:관악우성 107동15층 매물번호:2335759918 타입:아파트 면적:87.63 가격:매매/71000 방/욕실:2/1
[필터링][151] 매물:관악우성 102동6층 매물번호:2335672744 타입:아파트 면적:143.28 가격:매매/100000 방/욕실:4/2
[필터링][152] 매물:관악우성 107동11층 매물번호:2335872093 타입:아파트 면적:87.63 가격:매매/71000 방/욕실:2/1
[필터링][153] 매물:관악우성 108동6층 매물번호:2334885353 타입:아파트 면적:87.63 가격:매매/69500 방/욕실:2/1
[필터링][154] 매물:관악우성 108동23층 매물번호:2335565282 타입:아파트 면적:87.63 가격:매매/73000 방/욕실:2/1
[필터링][155] 매물:관악우성 108동고층 매물번호:2336807461 타입:아파트 면적:87.63 가격:매매/70000 방/욕실:2/1
[필터링][156] 매물:관악우성 106동14층 매물번호:2334374854 타입:아파트 면적:87.63 가격:매매/67000 방/욕실:2/1
[157] 매물:관악우성 101동3층 매물번호:2335831688 타입:아파트 면적:106.06 가격:매매/85000 방/욕실:3/2
[필터링][158] 매물:관악우성 108동6층 매물번호:2335799379 타입:아파트 면적:87.63 가격:매매/69500 방/욕실:2/1
[필터링][159] 매물:관악우성 108동6층 매물번호:2335053844 타입:아파트 면적:87.63 가격:매매/69500 방/욕실:2/1
[필터링][160] 매물:관악우성 106동3층 매물번호:2335793697 타입:아파트 면적:87.63 가격:매매/75000 방/욕실:2/1
[필터링][161] 매물:관악우성 103동9층 매물번호:2335834487 타입:아파트 면적:143.28 가격:매매/100000 방/욕실:4/2
[필터링][162] 매물:관악우성 106동2층 매물번호:2335929830 타입:아파트 면적:87.63 가격:매매/70000 방/욕실:2/1
[필터링][163] 매물:관악우성 108동21층 매물번호:2335843245 타입:아파트 면적:87.63 가격:매매/69000 방/욕실:2/1
[164] 매물:관악우성 105동8층 매물번호:2335903311 타입:아파트 면적:106.06 가격:매매/90000 방/욕실:3/2
[필터링][165] 매물:관악우성 106동16층 매물번호:2336232353 타입:아파트 면적:87.63 가격:매매/73000 방/욕실:2/1
[필터링][166] 매물:관악우성 108동2층 매물번호:2336278029 타입:아파트 면적:87.63 가격:매매/64000 방/욕실:2/1
[필터링][167] 매물:관악우성 102동20층 매물번호:2336089657 타입:아파트 면적:143.28 가격:매매/100000 방/욕실:4/2
[필터링][168] 매물:관악우성 108동11층 매물번호:2336022654 타입:아파트 면적:87.63 가격:매매/66000 방/욕실:2/1
[필터링][169] 매물:관악우성 103동9층 매물번호:2336083800 타입:아파트 면적:143.28 가격:매매/100000 방/욕실:4/2
[필터링][170] 매물:관악우성 108동23층 매물번호:2336063432 타입:아파트 면적:87.63 가격:매매/73000 방/욕실:2/1
[필터링][171] 매물:관악우성 108동15층 매물번호:2336056747 타입:아파트 면적:87.63 가격:매매/70000 방/욕실:2/1
[필터링][172] 매물:관악우성 106동2층 매물번호:2336046760 타입:아파트 면적:87.63 가격:매매/70000 방/욕실:2/1
[173] 매물:관악우성 105동1층 매물번호:2336090370 타입:아파트 면적:106.06 가격:매매/80000 방/욕실:3/2
[필터링][174] 매물:관악우성 102동27층 매물번호:2336089779 타입:아파트 면적:143.28 가격:매매/95000 방/욕실:4/2
[필터링][175] 매물:관악우성 108동6층 매물번호:2335977677 타입:아파트 면적:87.63 가격:매매/69500 방/욕실:2/1
[필터링][176] 매물:관악우성 103동9층 매물번호:2335970045 타입:아파트 면적:143.28 가격:매매/95000 방/욕실:4/2
[필터링][177] 매물:관악우성 108동2층 매물번호:2335969501 타입:아파트 면적:87.63 가격:매매/64000 방/욕실:2/1
[필터링][178] 매물:관악우성 108동21층 매물번호:2336132653 타입:아파트 면적:87.63 가격:매매/67000 방/욕실:2/1
[필터링][179] 매물:관악우성 106동4층 매물번호:2336163773 타입:아파트 면적:87.63 가격:매매/65000 방/욕실:2/1
[180] 매물:관악우성 105동23층 매물번호:2336165119 타입:아파트 면적:106.06 가격:매매/87000 방/욕실:3/2
[필터링][181] 매물:관악우성 106동2층 매물번호:2336209454 타입:아파트 면적:87.63 가격:매매/70000 방/욕실:2/1
[182] 매물:관악우성 105동23층 매물번호:2336244379 타입:아파트 면적:106.06 가격:매매/87000 방/욕실:3/2
[필터링][183] 매물:관악우성 108동6층 매물번호:2336258720 타입:아파트 면적:87.63 가격:매매/69500 방/욕실:2/1
[필터링][184] 매물:관악우성 108동17층 매물번호:2336257883 타입:아파트 면적:87.63 가격:매매/68000 방/욕실:2/1
[185] 매물:관악우성 101동3층 매물번호:2336208271 타입:아파트 면적:106.06 가격:매매/85000 방/욕실:3/2
[필터링][186] 매물:관악우성 108동6층 매물번호:2336200686 타입:아파트 면적:87.63 가격:매매/69500 방/욕실:2/1
[필터링][187] 매물:관악우성 103동9층 매물번호:2336310030 타입:아파트 면적:143.28 가격:매매/98000 방/욕실:4/2
[필터링][188] 매물:관악우성 108동21층 매물번호:2336258238 타입:아파트 면적:87.63 가격:매매/69000 방/욕실:2/1
[필터링][189] 매물:관악우성 107동16층 매물번호:2336310526 타입:아파트 면적:87.63 가격:매매/71000 방/욕실:2/1
[190] 매물:관악우성 104동28층 매물번호:2334731845 타입:아파트 면적:106.06 가격:매매/81000 방/욕실:3/2
[191] 매물:관악우성 105동23층 매물번호:2336400508 타입:아파트 면적:106.06 가격:매매/87000 방/욕실:3/2
[192] 매물:관악우성 105동1층 매물번호:2336419859 타입:아파트 면적:106.06 가격:매매/80000 방/욕실:3/2
[필터링][193] 매물:관악우성 106동4층 매물번호:2336443946 타입:아파트 면적:87.63 가격:매매/65000 방/욕실:2/1
[194] 매물:관악우성 101동3층 매물번호:2336382589 타입:아파트 면적:106.06 가격:매매/85000 방/욕실:3/2
[195] 매물:관악우성 104동28층 매물번호:2336393339 타입:아파트 면적:106.06 가격:매매/81000 방/욕실:3/2
[필터링][196] 매물:관악우성 108동6층 매물번호:2336444318 타입:아파트 면적:87.63 가격:매매/69500 방/욕실:2/1
[필터링][197] 매물:관악우성 107동12층 매물번호:2336445958 타입:아파트 면적:87.63 가격:매매/75000 방/욕실:2/1
[필터링][198] 매물:관악우성 107동5층 매물번호:2336313887 타입:아파트 면적:87.63 가격:매매/64000 방/욕실:2/1
[필터링][199] 매물:관악우성 108동14층 매물번호:2336444784 타입:아파트 면적:87.63 가격:매매/68000 방/욕실:2/1
[필터링][200] 매물:관악우성 108동11층 매물번호:2336326054 타입:아파트 면적:87.63 가격:매매/66000 방/욕실:2/1
[201] 매물:관악우성 104동28층 매물번호:2336619915 타입:아파트 면적:106.06 가격:매매/81000 방/욕실:3/2
[필터링][202] 매물:관악우성 108동13층 매물번호:2336497404 타입:아파트 면적:87.63 가격:매매/65000 방/욕실:2/1
[필터링][203] 매물:관악우성 108동고층 매물번호:2337628091 타입:아파트 면적:87.63 가격:매매/70000 방/욕실:2/1
[204] 매물:관악우성 105동1층 매물번호:2336525145 타입:아파트 면적:106.06 가격:매매/87000 방/욕실:3/2
[필터링][205] 매물:관악우성 108동15층 매물번호:2336543821 타입:아파트 면적:87.63 가격:매매/70000 방/욕실:2/1
[필터링][206] 매물:관악우성 108동6층 매물번호:2336511186 타입:아파트 면적:87.63 가격:매매/7500 방/욕실:2/1
[207] 매물:관악우성 101동3층 매물번호:2336553986 타입:아파트 면적:106.06 가격:매매/85000 방/욕실:3/2
[필터링][208] 매물:관악우성 107동12층 매물번호:2336501223 타입:아파트 면적:87.63 가격:매매/75000 방/욕실:2/1
[209] 매물:관악우성 101동3층 매물번호:2336533824 타입:아파트 면적:106.06 가격:매매/85000 방/욕실:3/2
[필터링][210] 매물:관악우성 108동11층 매물번호:2336539123 타입:아파트 면적:87.63 가격:매매/66000 방/욕실:2/1
[필터링][211] 매물:관악우성 106동6층 매물번호:2336500777 타입:아파트 면적:87.63 가격:매매/65000 방/욕실:2/1
[212] 매물:관악우성 105동23층 매물번호:2336500427 타입:아파트 면적:106.06 가격:매매/93000 방/욕실:3/2
[필터링][213] 매물:관악우성 102동27층 매물번호:2336545487 타입:아파트 면적:143.28 가격:매매/95000 방/욕실:4/2
[214] 매물:관악우성 105동23층 매물번호:2336501597 타입:아파트 면적:106.06 가격:매매/87000 방/욕실:3/2
[필터링][215] 매물:관악우성 102동27층 매물번호:2336552501 타입:아파트 면적:143.28 가격:매매/95000 방/욕실:4/2
[필터링][216] 매물:관악우성 108동21층 매물번호:2336510805 타입:아파트 면적:87.63 가격:매매/70000 방/욕실:2/1
[필터링][217] 매물:관악우성 107동12층 매물번호:2336560339 타입:아파트 면적:87.63 가격:매매/75000 방/욕실:2/1
[필터링][218] 매물:관악우성 106동4층 매물번호:2336560493 타입:아파트 면적:87.63 가격:매매/65000 방/욕실:2/1
[필터링][219] 매물:관악우성 102동27층 매물번호:2336500755 타입:아파트 면적:143.28 가격:매매/95000 방/욕실:4/2
[필터링][220] 매물:관악우성 102동20층 매물번호:2336543462 타입:아파트 면적:143.28 가격:매매/100000 방/욕실:4/2
[필터링][221] 매물:관악우성 108동14층 매물번호:2336584896 타입:아파트 면적:87.63 가격:매매/68000 방/욕실:2/1
[222] 매물:관악우성 107동3층 매물번호:2336584791 타입:아파트 면적:87.63 가격:매매/69000 방/욕실:3/2
[필터링][223] 매물:관악우성 108동15층 매물번호:2336584602 타입:아파트 면적:87.63 가격:매매/69000 방/욕실:2/1
[필터링][224] 매물:관악우성 108동2층 매물번호:2336487866 타입:아파트 면적:87.63 가격:매매/64000 방/욕실:2/1
[필터링][225] 매물:관악우성 108동2층 매물번호:2336805961 타입:아파트 면적:87.63 가격:매매/64000 방/욕실:2/1
[226] 매물:관악우성 104동28층 매물번호:2336770770 타입:아파트 면적:106.06 가격:매매/80000 방/욕실:3/2
[필터링][227] 매물:관악우성 103동9층 매물번호:2336766865 타입:아파트 면적:143.28 가격:매매/98000 방/욕실:4/2
[필터링][228] 매물:관악우성 108동15층 매물번호:2336813746 타입:아파트 면적:87.63 가격:매매/70000 방/욕실:2/1
[필터링][229] 매물:관악우성 106동6층 매물번호:2336851861 타입:아파트 면적:87.63 가격:매매/65000 방/욕실:2/1
[필터링][230] 매물:관악우성 107동18층 매물번호:2336867486 타입:아파트 면적:87.63 가격:매매/75000 방/욕실:2/1
[필터링][231] 매물:관악우성 108동6층 매물번호:2336918887 타입:아파트 면적:87.63 가격:매매/69500 방/욕실:2/1
[232] 매물:관악우성 104동28층 매물번호:2336892209 타입:아파트 면적:106.06 가격:매매/80000 방/욕실:3/2
[필터링][233] 매물:관악우성 108동13층 매물번호:2336970601 타입:아파트 면적:87.63 가격:매매/65000 방/욕실:2/1
[234] 매물:관악우성 105동23층 매물번호:2336872045 타입:아파트 면적:106.06 가격:매매/87000 방/욕실:3/2
[필터링][235] 매물:관악우성 106동6층 매물번호:2336866779 타입:아파트 면적:87.63 가격:매매/65000 방/욕실:2/1
[필터링][236] 매물:관악우성 106동4층 매물번호:2336893151 타입:아파트 면적:87.63 가격:매매/63000 방/욕실:2/1
[필터링][237] 매물:관악우성 107동16층 매물번호:2336972875 타입:아파트 면적:87.63 가격:매매/71000 방/욕실:2/1
[필터링][238] 매물:관악우성 108동14층 매물번호:2336973123 타입:아파트 면적:87.63 가격:매매/68000 방/욕실:2/1
[필터링][239] 매물:관악우성 108동13층 매물번호:2336973576 타입:아파트 면적:87.63 가격:매매/65000 방/욕실:2/1
[필터링][240] 매물:관악우성 108동17층 매물번호:2336972120 타입:아파트 면적:87.63 가격:매매/68000 방/욕실:2/1
[필터링][241] 매물:관악우성 107동13층 매물번호:2336976262 타입:아파트 면적:87.63 가격:매매/65000 방/욕실:2/1
[242] 매물:관악우성 105동23층 매물번호:2336997726 타입:아파트 면적:106.06 가격:매매/87000 방/욕실:3/2
[필터링][243] 매물:관악우성 107동16층 매물번호:2336974059 타입:아파트 면적:87.63 가격:매매/71000 방/욕실:2/1
[필터링][244] 매물:관악우성 108동6층 매물번호:2336854842 타입:아파트 면적:87.63 가격:매매/69500 방/욕실:2/1
[245] 매물:관악우성 101동3층 매물번호:2337074467 타입:아파트 면적:106.06 가격:매매/85000 방/욕실:3/2
[필터링][246] 매물:관악우성 108동11층 매물번호:2337059326 타입:아파트 면적:87.63 가격:매매/66000 방/욕실:2/1
[필터링][247] 매물:관악우성 108동17층 매물번호:2337128408 타입:아파트 면적:87.63 가격:매매/68000 방/욕실:2/1
[필터링][248] 매물:관악우성 108동11층 매물번호:2337087851 타입:아파트 면적:87.63 가격:매매/66000 방/욕실:2/1
[필터링][249] 매물:관악우성 108동6층 매물번호:2337121956 타입:아파트 면적:87.63 가격:매매/69500 방/욕실:2/1
[필터링][250] 매물:관악우성 108동2층 매물번호:2337113408 타입:아파트 면적:87.63 가격:매매/64000 방/욕실:2/1
[251] 매물:관악우성 102동18층 매물번호:2337088361 타입:아파트 면적:106.06 가격:매매/90000 방/욕실:3/2
[필터링][252] 매물:관악우성 107동18층 매물번호:2337139165 타입:아파트 면적:87.63 가격:매매/75000 방/욕실:2/1
[필터링][253] 매물:관악우성 107동5층 매물번호:2337101493 타입:아파트 면적:87.63 가격:매매/64000 방/욕실:2/1
[필터링][254] 매물:관악우성 108동21층 매물번호:2337101135 타입:아파트 면적:87.63 가격:매매/67500 방/욕실:2/1
[필터링][255] 매물:관악우성 107동5층 매물번호:2337059231 타입:아파트 면적:87.63 가격:매매/64000 방/욕실:2/1
[필터링][256] 매물:관악우성 108동15층 매물번호:2337127994 타입:아파트 면적:87.63 가격:매매/70000 방/욕실:2/1
[257] 매물:관악우성 104동28층 매물번호:2337101658 타입:아파트 면적:106.06 가격:매매/80000 방/욕실:3/2
[258] 매물:관악우성 105동12층 매물번호:2337092221 타입:아파트 면적:106.06 가격:매매/85000 방/욕실:3/2
[필터링][259] 매물:관악우성 106동2층 매물번호:2337117173 타입:아파트 면적:87.63 가격:매매/70000 방/욕실:2/1
[필터링][260] 매물:관악우성 106동4층 매물번호:2337136261 타입:아파트 면적:87.63 가격:매매/65000 방/욕실:2/1
[필터링][261] 매물:관악우성 103동9층 매물번호:2337186384 타입:아파트 면적:143.28 가격:매매/98000 방/욕실:4/2
[필터링][262] 매물:관악우성 103동9층 매물번호:2337186278 타입:아파트 면적:143.28 가격:매매/100000 방/욕실:4/2
[필터링][263] 매물:관악우성 107동16층 매물번호:2337188474 타입:아파트 면적:87.63 가격:매매/71000 방/욕실:2/1
[264] 매물:관악우성 105동23층 매물번호:2337159921 타입:아파트 면적:106.06 가격:매매/87000 방/욕실:3/2
[필터링][265] 매물:관악우성 102동6층 매물번호:2337187312 타입:아파트 면적:143.28 가격:매매/100000 방/욕실:4/2
[필터링][266] 매물:관악우성 106동4층 매물번호:2337188541 타입:아파트 면적:87.63 가격:매매/63000 방/욕실:2/1
[필터링][267] 매물:관악우성 106동4층 매물번호:2337188399 타입:아파트 면적:87.63 가격:매매/65000 방/욕실:2/1
[필터링][268] 매물:관악우성 106동16층 매물번호:2337187783 타입:아파트 면적:87.63 가격:매매/73000 방/욕실:2/1
[269] 매물:관악우성 105동1층 매물번호:2337188105 타입:아파트 면적:106.06 가격:매매/87000 방/욕실:3/2
[필터링][270] 매물:관악우성 108동14층 매물번호:2337142076 타입:아파트 면적:87.63 가격:매매/68000 방/욕실:2/1
[필터링][271] 매물:관악우성 107동22층 매물번호:2337139911 타입:아파트 면적:87.63 가격:매매/73000 방/욕실:2/1
[필터링][272] 매물:관악우성 107동15층 매물번호:2337140883 타입:아파트 면적:87.63 가격:매매/71000 방/욕실:2/1
[필터링][273] 매물:관악우성 107동3층 매물번호:2337208251 타입:아파트 면적:87.63 가격:매매/69000 방/욕실:2/1
[필터링][274] 매물:관악우성 107동13층 매물번호:2337241300 타입:아파트 면적:87.63 가격:매매/65000 방/욕실:2/1
[필터링][275] 매물:관악우성 107동12층 매물번호:2337218340 타입:아파트 면적:87.63 가격:매매/75000 방/욕실:2/1
[필터링][276] 매물:관악우성 108동2층 매물번호:2337208232 타입:아파트 면적:87.63 가격:매매/64000 방/욕실:2/1
[필터링][277] 매물:관악우성 108동13층 매물번호:2337200955 타입:아파트 면적:87.63 가격:매매/65000 방/욕실:2/1
[278] 매물:관악우성 105동12층 매물번호:2337208360 타입:아파트 면적:106.06 가격:매매/85000 방/욕실:3/2
[필터링][279] 매물:관악우성 108동6층 매물번호:2337194691 타입:아파트 면적:87.63 가격:매매/69500 방/욕실:2/1
[280] 매물:관악우성 104동28층 매물번호:2337208309 타입:아파트 면적:106.06 가격:매매/80000 방/욕실:3/2
[필터링][281] 매물:관악우성 108동17층 매물번호:2337282804 타입:아파트 면적:87.63 가격:매매/68000 방/욕실:2/1
[282] 매물:관악우성 105동23층 매물번호:2337307219 타입:아파트 면적:106.06 가격:매매/87000 방/욕실:3/2
[필터링][283] 매물:관악우성 108동6층 매물번호:2337363161 타입:아파트 면적:87.63 가격:매매/69500 방/욕실:2/1
[필터링][284] 매물:관악우성 102동27층 매물번호:2337284583 타입:아파트 면적:143.28 가격:매매/95000 방/욕실:4/2
[필터링][285] 매물:관악우성 102동27층 매물번호:2337272554 타입:아파트 면적:143.28 가격:매매/95000 방/욕실:4/2
[필터링][286] 매물:관악우성 103동9층 매물번호:2337261052 타입:아파트 면적:143.28 가격:매매/95000 방/욕실:4/2
[287] 매물:관악우성 105동12층 매물번호:2337269905 타입:아파트 면적:106.06 가격:매매/85000 방/욕실:3/2
[필터링][288] 매물:관악우성 103동9층 매물번호:2337259542 타입:아파트 면적:143.28 가격:매매/100000 방/욕실:4/2
[필터링][289] 매물:관악우성 108동13층 매물번호:2337261735 타입:아파트 면적:87.63 가격:매매/65000 방/욕실:2/1
[필터링][290] 매물:관악우성 107동5층 매물번호:2337242121 타입:아파트 면적:87.63 가격:매매/64000 방/욕실:2/1
[291] 매물:관악우성 105동2층 매물번호:2335801798 타입:아파트 면적:106.06 가격:매매/80000 방/욕실:3/2
[필터링][292] 매물:관악우성 108동23층 매물번호:2335949235 타입:아파트 면적:87.63 가격:매매/73000 방/욕실:2/1
[필터링][293] 매물:관악우성 107동13층 매물번호:2337377810 타입:아파트 면적:87.63 가격:매매/65000 방/욕실:2/1
[필터링][294] 매물:관악우성 108동13층 매물번호:2337405018 타입:아파트 면적:87.63 가격:매매/65000 방/욕실:2/1
[필터링][295] 매물:관악우성 107동13층 매물번호:2337420871 타입:아파트 면적:87.63 가격:매매/65000 방/욕실:2/1
[필터링][296] 매물:관악우성 107동5층 매물번호:2337385506 타입:아파트 면적:87.63 가격:매매/64000 방/욕실:2/1
[297] 매물:관악우성 105동12층 매물번호:2337378099 타입:아파트 면적:106.06 가격:매매/85000 방/욕실:3/2
[필터링][298] 매물:관악우성 102동20층 매물번호:2337365508 타입:아파트 면적:143.28 가격:매매/100000 방/욕실:4/2
[필터링][299] 매물:관악우성 107동15층 매물번호:2337421287 타입:아파트 면적:87.63 가격:매매/71000 방/욕실:2/1
[필터링][300] 매물:관악우성 107동18층 매물번호:2337415455 타입:아파트 면적:87.63 가격:매매/75000 방/욕실:2/1
[필터링][301] 매물:관악우성 108동6층 매물번호:2337434842 타입:아파트 면적:87.63 가격:매매/69500 방/욕실:2/1
[302] 매물:관악우성 105동12층 매물번호:2337445459 타입:아파트 면적:106.06 가격:매매/85000 방/욕실:3/2
[필터링][303] 매물:관악우성 107동13층 매물번호:2337453968 타입:아파트 면적:87.63 가격:매매/65000 방/욕실:2/1
[필터링][304] 매물:관악우성 106동18층 매물번호:2337468874 타입:아파트 면적:87.63 가격:매매/70000 방/욕실:2/1
[필터링][305] 매물:관악우성 106동4층 매물번호:2337453704 타입:아파트 면적:87.63 가격:매매/65000 방/욕실:2/1
[306] 매물:관악우성 105동12층 매물번호:2337452655 타입:아파트 면적:106.06 가격:매매/85000 방/욕실:3/2
[필터링][307] 매물:관악우성 107동5층 매물번호:2337498454 타입:아파트 면적:87.63 가격:매매/64000 방/욕실:2/1
[308] 매물:관악우성 101동3층 매물번호:2337436766 타입:아파트 면적:106.06 가격:매매/85000 방/욕실:3/2
[309] 매물:관악우성 102동18층 매물번호:2337447197 타입:아파트 면적:106.06 가격:매매/90000 방/욕실:3/2
[310] 매물:관악우성 105동9층 매물번호:2337429126 타입:아파트 면적:106.06 가격:매매/85000 방/욕실:3/2
[311] 매물:관악우성 102동18층 매물번호:2337427670 타입:아파트 면적:106.06 가격:매매/90000 방/욕실:3/2
[필터링][312] 매물:관악우성 108동2층 매물번호:2337562622 타입:아파트 면적:87.63 가격:매매/64000 방/욕실:2/1
[313] 매물:관악우성 104동28층 매물번호:2337524853 타입:아파트 면적:106.06 가격:매매/80000 방/욕실:3/2
[314] 매물:관악우성 101동3층 매물번호:2337452102 타입:아파트 면적:106.06 가격:매매/85000 방/욕실:3/2
[315] 매물:관악우성 105동23층 매물번호:2337561832 타입:아파트 면적:106.06 가격:매매/87000 방/욕실:3/2
[필터링][316] 매물:관악우성 102동27층 매물번호:2337445505 타입:아파트 면적:143.28 가격:매매/95000 방/욕실:4/2
[필터링][317] 매물:관악우성 107동5층 매물번호:2337430053 타입:아파트 면적:87.63 가격:매매/64000 방/욕실:2/1
[필터링][318] 매물:관악우성 108동15층 매물번호:2337562058 타입:아파트 면적:87.63 가격:매매/70000 방/욕실:2/1
[필터링][319] 매물:관악우성 108동6층 매물번호:2337490086 타입:아파트 면적:87.63 가격:매매/69500 방/욕실:2/1
[필터링][320] 매물:관악우성 108동2층 매물번호:2337332234 타입:아파트 면적:87.63 가격:매매/64000 방/욕실:2/1
[필터링][321] 매물:관악우성 108동15층 매물번호:2337590786 타입:아파트 면적:87.63 가격:매매/70000 방/욕실:2/1
[필터링][322] 매물:관악우성 107동5층 매물번호:2337572555 타입:아파트 면적:87.63 가격:매매/64000 방/욕실:2/1
[필터링][323] 매물:관악우성 107동13층 매물번호:2337567719 타입:아파트 면적:87.63 가격:매매/65000 방/욕실:2/1
[324] 매물:관악우성 105동12층 매물번호:2337573309 타입:아파트 면적:106.06 가격:매매/85000 방/욕실:3/2
[필터링][325] 매물:관악우성 106동4층 매물번호:2337590859 타입:아파트 면적:87.63 가격:매매/65000 방/욕실:2/1
[필터링][326] 매물:관악우성 108동6층 매물번호:2337573912 타입:아파트 면적:87.63 가격:매매/69500 방/욕실:2/1
[필터링][327] 매물:관악우성 102동20층 매물번호:2337567535 타입:아파트 면적:143.28 가격:매매/100000 방/욕실:4/2
[328] 매물:관악우성 104동28층 매물번호:2337579480 타입:아파트 면적:106.06 가격:매매/81000 방/욕실:3/2
[329] 매물:관악우성 105동고층 매물번호:2336703352 타입:아파트 면적:106.06 가격:매매/95000 방/욕실:3/2
[330] 매물:관악우성 104동28층 매물번호:2337591198 타입:아파트 면적:106.06 가격:매매/80000 방/욕실:3/2
[필터링][331] 매물:관악우성 102동6층 매물번호:2337566106 타입:아파트 면적:143.28 가격:매매/100000 방/욕실:4/2
[332] 매물:관악우성 105동23층 매물번호:2337573397 타입:아파트 면적:106.06 가격:매매/87000 방/욕실:3/2
[333] 매물:관악우성 105동9층 매물번호:2337552797 타입:아파트 면적:106.06 가격:매매/85000 방/욕실:3/2
[334] 매물:관악우성 105동9층 매물번호:2337567592 타입:아파트 면적:106.06 가격:매매/85000 방/욕실:3/2
[필터링][335] 매물:관악우성 107동16층 매물번호:2337567636 타입:아파트 면적:87.63 가격:매매/71000 방/욕실:2/1
[필터링][336] 매물:관악우성 107동13층 매물번호:2337572651 타입:아파트 면적:87.63 가격:매매/65000 방/욕실:2/1
[필터링][337] 매물:관악우성 108동23층 매물번호:2337565085 타입:아파트 면적:87.63 가격:매매/73000 방/욕실:2/1
[필터링][338] 매물:관악우성 108동6층 매물번호:2336855918 타입:아파트 면적:87.63 가격:매매/69500 방/욕실:2/1
[필터링][339] 매물:관악우성 107동5층 매물번호:2337593411 타입:아파트 면적:87.63 가격:매매/64000 방/욕실:2/1
[필터링][340] 매물:관악우성 103동9층 매물번호:2337566054 타입:아파트 면적:143.28 가격:매매/100000 방/욕실:4/2
[341] 매물:관악우성 105동9층 매물번호:2337623624 타입:아파트 면적:106.06 가격:매매/85000 방/욕실:3/2
[필터링][342] 매물:관악우성 108동21층 매물번호:2337622985 타입:아파트 면적:87.63 가격:매매/67500 방/욕실:2/1
[343] 매물:관악우성 105동12층 매물번호:2337598247 타입:아파트 면적:106.06 가격:매매/85000 방/욕실:3/2
[필터링][344] 매물:관악우성 102동27층 매물번호:2337597733 타입:아파트 면적:143.28 가격:매매/95000 방/욕실:4/2
[필터링][345] 매물:관악우성 108동13층 매물번호:2337614427 타입:아파트 면적:87.63 가격:매매/65000 방/욕실:2/1
[필터링][346] 매물:관악우성 102동27층 매물번호:2337621881 타입:아파트 면적:143.28 가격:매매/95000 방/욕실:4/2
[필터링][347] 매물:관악우성 108동13층 매물번호:2337593651 타입:아파트 면적:87.63 가격:매매/65000 방/욕실:2/1
[필터링][348] 매물:관악우성 102동27층 매물번호:2337623511 타입:아파트 면적:143.28 가격:매매/95000 방/욕실:4/2
[필터링][349] 매물:관악우성 102동27층 매물번호:2337595597 타입:아파트 면적:143.28 가격:매매/95000 방/욕실:4/2
[필터링][350] 매물:관악우성 102동27층 매물번호:2337605456 타입:아파트 면적:143.28 가격:매매/95000 방/욕실:4/2
[필터링][351] 매물:관악우성 107동13층 매물번호:2337622465 타입:아파트 면적:87.63 가격:매매/69500 방/욕실:2/1
[필터링][352] 매물:관악우성 107동5층 매물번호:2337615368 타입:아파트 면적:87.63 가격:매매/64000 방/욕실:2/1
[필터링][353] 매물:관악우성 102동20층 매물번호:2337622851 타입:아파트 면적:143.28 가격:매매/100000 방/욕실:4/2
[필터링][354] 매물:관악우성 108동6층 매물번호:2337614918 타입:아파트 면적:87.63 가격:매매/69500 방/욕실:2/1
[필터링][355] 매물:관악우성 106동4층 매물번호:2337612107 타입:아파트 면적:87.63 가격:매매/65000 방/욕실:2/1
[필터링][356] 매물:관악우성 106동4층 매물번호:2337604607 타입:아파트 면적:87.63 가격:매매/65000 방/욕실:2/1
[필터링][357] 매물:관악우성 108동13층 매물번호:2337624781 타입:아파트 면적:87.63 가격:매매/65000 방/욕실:2/1
[358] 매물:관악우성 105동23층 매물번호:2337594926 타입:아파트 면적:106.06 가격:매매/87000 방/욕실:3/2
[359] 매물:관악우성 105동12층 매물번호:2337624207 타입:아파트 면적:106.06 가격:매매/85000 방/욕실:3/2
[필터링][360] 매물:관악우성 108동17층 매물번호:2337612395 타입:아파트 면적:87.63 가격:매매/68000 방/욕실:2/1
[361] 매물:관악우성 105동9층 매물번호:2337663612 타입:아파트 면적:106.06 가격:매매/85000 방/욕실:3/2
[362] 매물:관악우성 105동23층 매물번호:2337633502 타입:아파트 면적:106.06 가격:매매/87000 방/욕실:3/2
[363] 매물:관악우성 104동28층 매물번호:2337700448 타입:아파트 면적:106.06 가격:매매/81000 방/욕실:3/2
[필터링][364] 매물:관악우성 108동17층 매물번호:2337706147 타입:아파트 면적:87.63 가격:매매/68000 방/욕실:2/1
[365] 매물:관악우성 105동23층 매물번호:2337625140 타입:아파트 면적:106.06 가격:매매/87000 방/욕실:3/2
[366] 매물:관악우성 105동12층 매물번호:2337632997 타입:아파트 면적:106.06 가격:매매/85000 방/욕실:3/2
[367] 매물:관악우성 101동3층 매물번호:2337625711 타입:아파트 면적:106.06 가격:매매/85000 방/욕실:3/2
[필터링][368] 매물:관악우성 108동19층 매물번호:2337668117 타입:아파트 면적:87.63 가격:매매/70000 방/욕실:2/1
[필터링][369] 매물:관악우성 108동저층 매물번호:2337381141 타입:아파트 면적:87.63 가격:매매/64000 방/욕실:2/1
[필터링][370] 매물:관악우성 107동22층 매물번호:2337815581 타입:아파트 면적:87.63 가격:매매/73000 방/욕실:2/1
[필터링][371] 매물:관악우성 107동5층 매물번호:2337811619 타입:아파트 면적:87.63 가격:매매/64000 방/욕실:2/1
[필터링][372] 매물:관악우성 106동16층 매물번호:2337765435 타입:아파트 면적:87.63 가격:매매/73000 방/욕실:2/1
[필터링][373] 매물:관악우성 107동22층 매물번호:2337825532 타입:아파트 면적:87.63 가격:매매/73000 방/욕실:2/1
[필터링][374] 매물:관악우성 108동13층 매물번호:2337813343 타입:아파트 면적:87.63 가격:매매/65000 방/욕실:2/1
[필터링][375] 매물:관악우성 106동2층 매물번호:2337705589 타입:아파트 면적:87.63 가격:매매/70000 방/욕실:2/1
[필터링][376] 매물:관악우성 106동11층 매물번호:2337816913 타입:아파트 면적:87.63 가격:매매/73000 방/욕실:2/1
[필터링][377] 매물:관악우성 102동27층 매물번호:2337824461 타입:아파트 면적:143.28 가격:매매/95000 방/욕실:4/2
[필터링][378] 매물:관악우성 107동22층 매물번호:2337759823 타입:아파트 면적:87.63 가격:매매/73000 방/욕실:2/1
[필터링][379] 매물:관악우성 108동17층 매물번호:2337822980 타입:아파트 면적:87.63 가격:매매/68000 방/욕실:2/1
[필터링][380] 매물:관악우성 107동22층 매물번호:2337708394 타입:아파트 면적:87.63 가격:매매/73000 방/욕실:2/1
[필터링][381] 매물:관악우성 102동20층 매물번호:2337867415 타입:아파트 면적:143.28 가격:매매/100000 방/욕실:4/2
[382] 매물:관악우성 104동28층 매물번호:2337870917 타입:아파트 면적:106.06 가격:매매/81000 방/욕실:3/2
[필터링][383] 매물:관악우성 107동22층 매물번호:2337846916 타입:아파트 면적:87.63 가격:매매/73000 방/욕실:2/1
[필터링][384] 매물:관악우성 103동9층 매물번호:2337866022 타입:아파트 면적:143.28 가격:매매/100000 방/욕실:4/2
[385] 매물:관악우성 104동28층 매물번호:2337871630 타입:아파트 면적:106.06 가격:매매/81000 방/욕실:3/2
[필터링][386] 매물:관악우성 102동27층 매물번호:2337866725 타입:아파트 면적:143.28 가격:매매/95000 방/욕실:4/2
[필터링][387] 매물:관악우성 107동16층 매물번호:2337841257 타입:아파트 면적:87.63 가격:매매/71000 방/욕실:2/1
[388] 매물:관악우성 104동28층 매물번호:2337845807 타입:아파트 면적:106.06 가격:매매/80000 방/욕실:3/2
[필터링][389] 매물:관악우성 107동5층 매물번호:2337841571 타입:아파트 면적:87.63 가격:매매/64000 방/욕실:2/1
[390] 매물:관악우성 105동23층 매물번호:2337840940 타입:아파트 면적:106.06 가격:매매/87000 방/욕실:3/2
[필터링][391] 매물:관악우성 108동21층 매물번호:2337839935 타입:아파트 면적:87.63 가격:매매/69000 방/욕실:2/1
[필터링][392] 매물:관악우성 107동13층 매물번호:2337826915 타입:아파트 면적:87.63 가격:매매/65000 방/욕실:2/1
[393] 매물:관악우성 105동12층 매물번호:2337869062 타입:아파트 면적:106.06 가격:매매/85000 방/욕실:3/2
[394] 매물:관악우성 105동23층 매물번호:2337857391 타입:아파트 면적:106.06 가격:매매/87000 방/욕실:3/2
[필터링][395] 매물:관악우성 107동5층 매물번호:2337826430 타입:아파트 면적:87.63 가격:매매/64000 방/욕실:2/1
[필터링][396] 매물:관악우성 108동6층 매물번호:2337856372 타입:아파트 면적:87.63 가격:매매/69500 방/욕실:2/1
[397] 매물:관악우성 102동18층 매물번호:2337869857 타입:아파트 면적:106.06 가격:매매/90000 방/욕실:3/2
[398] 매물:관악우성 105동1층 매물번호:2337865269 타입:아파트 면적:106.06 가격:매매/80000 방/욕실:3/2
[399] 매물:관악우성 101동3층 매물번호:2337843191 타입:아파트 면적:106.06 가격:매매/85000 방/욕실:3/2
[필터링][400] 매물:관악우성 108동21층 매물번호:2337825933 타입:아파트 면적:87.63 가격:매매/67500 방/욕실:2/1
[필터링][401] 매물:관악우성 107동5층 매물번호:2337914936 타입:아파트 면적:87.63 가격:매매/64000 방/욕실:2/1
[필터링][402] 매물:관악우성 102동27층 매물번호:2337960820 타입:아파트 면적:143.28 가격:매매/95000 방/욕실:4/2
[필터링][403] 매물:관악우성 106동18층 매물번호:2337906642 타입:아파트 면적:87.63 가격:매매/70000 방/욕실:2/1
[필터링][404] 매물:관악우성 108동11층 매물번호:2337962156 타입:아파트 면적:87.63 가격:매매/66000 방/욕실:2/1
[필터링][405] 매물:관악우성 108동19층 매물번호:2337911650 타입:아파트 면적:87.63 가격:매매/70000 방/욕실:2/1
[필터링][406] 매물:관악우성 107동5층 매물번호:2338077264 타입:아파트 면적:87.63 가격:매매/64000 방/욕실:2/1
[필터링][407] 매물:관악우성 103동9층 매물번호:2337961647 타입:아파트 면적:143.28 가격:매매/100000 방/욕실:4/2
[408] 매물:관악우성 105동12층 매물번호:2337961871 타입:아파트 면적:106.06 가격:매매/85000 방/욕실:3/2
[409] 매물:관악우성 104동28층 매물번호:2337962196 타입:아파트 면적:106.06 가격:매매/80000 방/욕실:3/2
[필터링][410] 매물:관악우성 108동6층 매물번호:2337912828 타입:아파트 면적:87.63 가격:매매/69500 방/욕실:2/1
[필터링][411] 매물:관악우성 107동22층 매물번호:2337887580 타입:아파트 면적:87.63 가격:매매/73000 방/욕실:2/1
[필터링][412] 매물:관악우성 107동22층 매물번호:2337899927 타입:아파트 면적:87.63 가격:매매/73000 방/욕실:2/1
[필터링][413] 매물:관악우성 108동9층 매물번호:2337915674 타입:아파트 면적:87.63 가격:매매/68000 방/욕실:2/1
[414] 매물:관악우성 105동12층 매물번호:2337960152 타입:아파트 면적:106.06 가격:매매/85000 방/욕실:3/2
[필터링][415] 매물:관악우성 108동2층 매물번호:2337917645 타입:아파트 면적:87.63 가격:매매/64000 방/욕실:2/1
[필터링][416] 매물:관악우성 102동27층 매물번호:2337881275 타입:아파트 면적:143.28 가격:매매/95000 방/욕실:4/2
[필터링][417] 매물:관악우성 106동18층 매물번호:2337964498 타입:아파트 면적:87.63 가격:매매/70000 방/욕실:2/1
[418] 매물:관악우성 102동1층 매물번호:2337991496 타입:아파트 면적:106.06 가격:매매/85000 방/욕실:3/2
[필터링][419] 매물:관악우성 108동21층 매물번호:2338010371 타입:아파트 면적:87.63 가격:매매/67500 방/욕실:2/1
[필터링][420] 매물:관악우성 108동6층 매물번호:2338015026 타입:아파트 면적:87.63 가격:매매/69500 방/욕실:2/1
[421] 매물:관악우성 104동28층 매물번호:2338023259 타입:아파트 면적:106.06 가격:매매/80000 방/욕실:3/2
[필터링][422] 매물:관악우성 108동2층 매물번호:2338052346 타입:아파트 면적:87.63 가격:매매/64000 방/욕실:2/1
[필터링][423] 매물:관악우성 108동13층 매물번호:2338039640 타입:아파트 면적:87.63 가격:매매/65000 방/욕실:2/1
[필터링][424] 매물:관악우성 108동13층 매물번호:2338052995 타입:아파트 면적:87.63 가격:매매/65000 방/욕실:2/1
[필터링][425] 매물:관악우성 108동21층 매물번호:2338026332 타입:아파트 면적:87.63 가격:매매/67500 방/욕실:2/1
[필터링][426] 매물:관악우성 107동5층 매물번호:2338050987 타입:아파트 면적:87.63 가격:매매/64000 방/욕실:2/1
[필터링][427] 매물:관악우성 108동17층 매물번호:2338044245 타입:아파트 면적:87.63 가격:매매/65000 방/욕실:2/1
[필터링][428] 매물:관악우성 107동5층 매물번호:2338027388 타입:아파트 면적:87.63 가격:매매/64000 방/욕실:2/1
[필터링][429] 매물:관악우성 108동13층 매물번호:2338052592 타입:아파트 면적:87.63 가격:매매/65000 방/욕실:2/1
[필터링][430] 매물:관악우성 106동4층 매물번호:2338029465 타입:아파트 면적:87.63 가격:매매/65000 방/욕실:2/1
[필터링][431] 매물:관악우성 107동5층 매물번호:2338052034 타입:아파트 면적:87.63 가격:매매/64000 방/욕실:2/1
[필터링][432] 매물:관악우성 108동21층 매물번호:2338049372 타입:아파트 면적:87.63 가격:매매/67500 방/욕실:2/1
[433] 매물:관악우성 101동3층 매물번호:2338021874 타입:아파트 면적:106.06 가격:매매/85000 방/욕실:3/2
[필터링][434] 매물:관악우성 108동21층 매물번호:2338038121 타입:아파트 면적:87.63 가격:매매/67500 방/욕실:2/1
[필터링][435] 매물:관악우성 106동4층 매물번호:2338045065 타입:아파트 면적:87.63 가격:매매/65000 방/욕실:2/1
[필터링][436] 매물:관악우성 102동27층 매물번호:2338043630 타입:아파트 면적:143.28 가격:매매/95000 방/욕실:4/2
[필터링][437] 매물:관악우성 108동21층 매물번호:2338043252 타입:아파트 면적:87.63 가격:매매/67500 방/욕실:2/1
[438] 매물:관악우성 101동3층 매물번호:2338046159 타입:아파트 면적:106.06 가격:매매/85000 방/욕실:3/2
[필터링][439] 매물:관악우성 107동5층 매물번호:2338038183 타입:아파트 면적:87.63 가격:매매/64000 방/욕실:2/1
[필터링][440] 매물:관악우성 107동5층 매물번호:2338035827 타입:아파트 면적:87.63 가격:매매/64000 방/욕실:2/1
[필터링][441] 매물:관악우성 108동21층 매물번호:2338068698 타입:아파트 면적:87.63 가격:매매/67000 방/욕실:2/1
[필터링][442] 매물:관악우성 108동17층 매물번호:2338077988 타입:아파트 면적:87.63 가격:매매/68000 방/욕실:2/1
[443] 매물:관악우성 105동12층 매물번호:2338057408 타입:아파트 면적:106.06 가격:매매/85000 방/욕실:3/2
[444] 매물:관악우성 105동23층 매물번호:2338081113 타입:아파트 면적:106.06 가격:매매/87000 방/욕실:3/2
[필터링][445] 매물:관악우성 103동9층 매물번호:2338082032 타입:아파트 면적:143.28 가격:매매/100000 방/욕실:4/2
[필터링][446] 매물:관악우성 108동21층 매물번호:2338053790 타입:아파트 면적:87.63 가격:매매/67500 방/욕실:2/1
[필터링][447] 매물:관악우성 108동21층 매물번호:2338068368 타입:아파트 면적:87.63 가격:매매/67500 방/욕실:2/1
[필터링][448] 매물:관악우성 106동6층 매물번호:2338077173 타입:아파트 면적:87.63 가격:매매/65000 방/욕실:2/1
[필터링][449] 매물:관악우성 108동2층 매물번호:2338114238 타입:아파트 면적:87.63 가격:매매/64000 방/욕실:2/1
[필터링][450] 매물:관악우성 108동21층 매물번호:2338066102 타입:아파트 면적:87.63 가격:매매/67500 방/욕실:2/1
[451] 매물:관악우성 105동9층 매물번호:2338072425 타입:아파트 면적:106.06 가격:매매/85000 방/욕실:3/2
[452] 매물:관악우성 104동28층 매물번호:2338072771 타입:아파트 면적:106.06 가격:매매/81000 방/욕실:3/2
[필터링][453] 매물:관악우성 108동17층 매물번호:2338053120 타입:아파트 면적:87.63 가격:매매/68000 방/욕실:2/1
[필터링][454] 매물:관악우성 108동21층 매물번호:2338113532 타입:아파트 면적:87.63 가격:매매/67500 방/욕실:2/1
[필터링][455] 매물:관악우성 107동16층 매물번호:2338060966 타입:아파트 면적:87.63 가격:매매/71000 방/욕실:2/1
[필터링][456] 매물:관악우성 108동21층 매물번호:2338076120 타입:아파트 면적:87.63 가격:매매/67500 방/욕실:2/1
[필터링][457] 매물:관악우성 107동13층 매물번호:2338094541 타입:아파트 면적:87.63 가격:매매/65000 방/욕실:2/1
[필터링][458] 매물:관악우성 106동18층 매물번호:2338069342 타입:아파트 면적:87.63 가격:매매/70000 방/욕실:2/1
[필터링][459] 매물:관악우성 108동23층 매물번호:2338112617 타입:아파트 면적:87.63 가격:매매/73000 방/욕실:2/1
[필터링][460] 매물:관악우성 108동6층 매물번호:2338053342 타입:아파트 면적:87.63 가격:매매/69500 방/욕실:2/1
[461] 매물:관악우성 105동12층 매물번호:2338140366 타입:아파트 면적:106.06 가격:매매/85000 방/욕실:3/2
[필터링][462] 매물:관악우성 107동5층 매물번호:2338161466 타입:아파트 면적:87.63 가격:매매/64000 방/욕실:2/1
[463] 매물:관악우성 104동28층 매물번호:2338138758 타입:아파트 면적:106.06 가격:매매/80000 방/욕실:3/2
[464] 매물:관악우성 105동12층 매물번호:2338161273 타입:아파트 면적:106.06 가격:매매/85000 방/욕실:3/2
[필터링][465] 매물:관악우성 108동17층 매물번호:2338161244 타입:아파트 면적:87.63 가격:매매/68000 방/욕실:2/1
[필터링][466] 매물:관악우성 107동3층 매물번호:2338141570 타입:아파트 면적:87.63 가격:매매/69000 방/욕실:2/1
[필터링][467] 매물:관악우성 108동15층 매물번호:2338133336 타입:아파트 면적:87.63 가격:매매/69000 방/욕실:2/1
[468] 매물:관악우성 104동28층 매물번호:2338161517 타입:아파트 면적:106.06 가격:매매/80000 방/욕실:3/2
[필터링][469] 매물:관악우성 107동5층 매물번호:2338161726 타입:아파트 면적:87.63 가격:매매/64000 방/욕실:2/1
[필터링][470] 매물:관악우성 108동15층 매물번호:2338161740 타입:아파트 면적:87.63 가격:매매/69000 방/욕실:2/1
[필터링][471] 매물:관악우성 103동9층 매물번호:2338161429 타입:아파트 면적:143.28 가격:매매/100000 방/욕실:4/2
[필터링][472] 매물:관악우성 102동27층 매물번호:2338161381 타입:아파트 면적:143.28 가격:매매/95000 방/욕실:4/2
[필터링][473] 매물:관악우성 107동5층 매물번호:2338140013 타입:아파트 면적:87.63 가격:매매/64000 방/욕실:2/1
[474] 매물:관악우성 105동9층 매물번호:2338161298 타입:아파트 면적:106.06 가격:매매/85000 방/욕실:3/2
[475] 매물:관악우성 105동9층 매물번호:2338161156 타입:아파트 면적:106.06 가격:매매/85000 방/욕실:3/2
[476] 매물:관악우성 101동3층 매물번호:2338140176 타입:아파트 면적:106.06 가격:매매/85000 방/욕실:3/2
[필터링][477] 매물:관악우성 108동6층 매물번호:2338138368 타입:아파트 면적:87.63 가격:매매/69500 방/욕실:2/1
[필터링][478] 매물:관악우성 108동13층 매물번호:2338160141 타입:아파트 면적:87.63 가격:매매/65000 방/욕실:2/1
[필터링][479] 매물:관악우성 108동2층 매물번호:2338095924 타입:아파트 면적:87.63 가격:매매/64000 방/욕실:2/1
[필터링][480] 매물:관악우성 104동14층 매물번호:2338147284 타입:아파트 면적:143.28 가격:매매/100000 방/욕실:4/2
[1] 매물:관악위버폴리스(주상복합) 101동저층 매물번호:2333770821 타입:아파트 면적:140.79 가격:매매/100000 방/욕실:3/2
[2] 매물:관악위버폴리스(주상복합) 101동고층 매물번호:2337510574 타입:아파트 면적:138.9 가격:매매/95000 방/욕실:3/2
[3] 매물:관악위버폴리스(주상복합) 101동고층 매물번호:2337258574 타입:아파트 면적:138.9 가격:매매/95000 방/욕실:3/2
[4] 매물:관악위버폴리스(주상복합) 101동저층 매물번호:2336734545 타입:아파트 면적:140.79 가격:매매/95000 방/욕실:3/2
[1] 매물:관악청광플러스원 101동중층 매물번호:2335840109 타입:아파트 면적:78.49 가격:매매/68000 방/욕실:3/2
